<html>
<head>
<title>TestNG:  Default test</title>
<link href="../testng.css" rel="stylesheet" type="text/css" />
<link href="../my-testng.css" rel="stylesheet" type="text/css" />

<style type="text/css">
.log { display: none;} 
.stack-trace { display: none;} 
</style>
<script type="text/javascript">
<!--
function flip(e) {
  current = e.style.display;
  if (current == 'block') {
    e.style.display = 'none';
    return 0;
  }
  else {
    e.style.display = 'block';
    return 1;
  }
}

function toggleBox(szDivId, elem, msg1, msg2)
{
  var res = -1;  if (document.getElementById) {
    res = flip(document.getElementById(szDivId));
  }
  else if (document.all) {
    // this is the way old msie versions work
    res = flip(document.all[szDivId]);
  }
  if(elem) {
    if(res == 0) elem.innerHTML = msg1; else elem.innerHTML = msg2;
  }

}

function toggleAllBoxes() {
  if (document.getElementsByTagName) {
    d = document.getElementsByTagName('div');
    for (i = 0; i < d.length; i++) {
      if (d[i].className == 'log') {
        flip(d[i]);
      }
    }
  }
}

// -->
</script>

</head>
<body>
<h2 align='center'>Default test</h2><table border='1' align="center">
<tr>
<td>Tests passed/Failed/Skipped:</td><td>105/11/0</td>
</tr><tr>
<td>Started on:</td><td>Mon Aug 07 23:54:24 EDT 2023</td>
</tr>
<tr><td>Total time:</td><td>122 seconds (122076 ms)</td>
</tr><tr>
<td>Included groups:</td><td></td>
</tr><tr>
<td>Excluded groups:</td><td></td>
</tr>
</table><p/>
<small><i>(Hover the method name to see the test class name)</i></small><p/>
<table width='100%' border='1' class='invocation-failed'>
<tr><td colspan='4' align='center'><b>FAILED TESTS</b></td></tr>
<tr><td><b>Test method</b></td>
<td><b>Attribute(s)</b></td>
<td width="30%"><b>Exception</b></td>
<td width="10%"><b>Time (seconds)</b></td>
<td><b>Instance</b></td>
</tr>
<tr>
<td title='com.dsalgoproject.testrunner.RunnerFile.runScenario()'><b>runScenario</b><br>Test class: com.dsalgoproject.testrunner.RunnerFile<br>Test method: Runs Cucumber Scenarios<br>Parameters: "The user is presented with an error message", "Optional[Feature file to test register]"</td>
<td><div><pre>java.lang.AssertionError: expected [Password should contain at least 8 characters] but found [password_mismatch:The two password fields didn’t match.]
	at org.testng.Assert.fail(Assert.java:110)
	at org.testng.Assert.failNotEquals(Assert.java:1577)
	at org.testng.Assert.assertEqualsImpl(Assert.java:149)
	at org.testng.Assert.assertEquals(Assert.java:131)
	at org.testng.Assert.assertEquals(Assert.java:655)
	at org.testng.Assert.assertEquals(Assert.java:665)
	at com.dsalgoproject.stepdefinitions.RegisterPage_StepDefinitions.the_user_should_see_the_error_message_indicating(RegisterPage_StepDefinitions.java:82)
	at ✽.the user should see the error message indicating &quot;Password should contain at least 8 characters&quot;(file:///C:/Users/ashok/git/DS-ALGOPROJECT_MAIN/DS_ALGO_PROJECT/src/test/resources/feature/01_RegisterPageFeature.feature:41)
</pre></div><a href='#' onClick='toggleBox("stack-trace146316090", this, "Click to show all stack frames", "Click to hide stack frames")'>Click to show all stack frames</a>
<div class='stack-trace' id='stack-trace146316090'><pre>java.lang.AssertionError: expected [Password should contain at least 8 characters] but found [password_mismatch:The two password fields didn’t match.]
	at org.testng.Assert.fail(Assert.java:110)
	at org.testng.Assert.failNotEquals(Assert.java:1577)
	at org.testng.Assert.assertEqualsImpl(Assert.java:149)
	at org.testng.Assert.assertEquals(Assert.java:131)
	at org.testng.Assert.assertEquals(Assert.java:655)
	at org.testng.Assert.assertEquals(Assert.java:665)
	at com.dsalgoproject.stepdefinitions.RegisterPage_StepDefinitions.the_user_should_see_the_error_message_indicating(RegisterPage_StepDefinitions.java:82)
	at ✽.the user should see the error message indicating &quot;Password should contain at least 8 characters&quot;(file:///C:/Users/ashok/git/DS-ALGOPROJECT_MAIN/DS_ALGO_PROJECT/src/test/resources/feature/01_RegisterPageFeature.feature:41)
</pre></div></td>
<td>0</td>
<td>com.dsalgoproject.testrunner.RunnerFile@652a7737</td></tr>
<tr>
<td title='com.dsalgoproject.testrunner.RunnerFile.runScenario()'><b>runScenario</b><br>Test class: com.dsalgoproject.testrunner.RunnerFile<br>Test method: Runs Cucumber Scenarios<br>Parameters: "The user is presented with an error message", "Optional[Feature file to test register]"</td>
<td><div><pre>java.lang.AssertionError: expected [Password cannot be entirely numeric] but found [password_mismatch:The two password fields didn’t match.]
	at org.testng.Assert.fail(Assert.java:110)
	at org.testng.Assert.failNotEquals(Assert.java:1577)
	at org.testng.Assert.assertEqualsImpl(Assert.java:149)
	at org.testng.Assert.assertEquals(Assert.java:131)
	at org.testng.Assert.assertEquals(Assert.java:655)
	at org.testng.Assert.assertEquals(Assert.java:665)
	at com.dsalgoproject.stepdefinitions.RegisterPage_StepDefinitions.the_user_should_see_the_error_message_indicating(RegisterPage_StepDefinitions.java:82)
	at ✽.the user should see the error message indicating &quot;Password cannot be entirely numeric&quot;(file:///C:/Users/ashok/git/DS-ALGOPROJECT_MAIN/DS_ALGO_PROJECT/src/test/resources/feature/01_RegisterPageFeature.feature:41)
</pre></div><a href='#' onClick='toggleBox("stack-trace443021492", this, "Click to show all stack frames", "Click to hide stack frames")'>Click to show all stack frames</a>
<div class='stack-trace' id='stack-trace443021492'><pre>java.lang.AssertionError: expected [Password cannot be entirely numeric] but found [password_mismatch:The two password fields didn’t match.]
	at org.testng.Assert.fail(Assert.java:110)
	at org.testng.Assert.failNotEquals(Assert.java:1577)
	at org.testng.Assert.assertEqualsImpl(Assert.java:149)
	at org.testng.Assert.assertEquals(Assert.java:131)
	at org.testng.Assert.assertEquals(Assert.java:655)
	at org.testng.Assert.assertEquals(Assert.java:665)
	at com.dsalgoproject.stepdefinitions.RegisterPage_StepDefinitions.the_user_should_see_the_error_message_indicating(RegisterPage_StepDefinitions.java:82)
	at ✽.the user should see the error message indicating &quot;Password cannot be entirely numeric&quot;(file:///C:/Users/ashok/git/DS-ALGOPROJECT_MAIN/DS_ALGO_PROJECT/src/test/resources/feature/01_RegisterPageFeature.feature:41)
</pre></div></td>
<td>0</td>
<td>com.dsalgoproject.testrunner.RunnerFile@652a7737</td></tr>
<tr>
<td title='com.dsalgoproject.testrunner.RunnerFile.runScenario()'><b>runScenario</b><br>Test class: com.dsalgoproject.testrunner.RunnerFile<br>Test method: Runs Cucumber Scenarios<br>Parameters: "The user is in Array Practice Page and run code for each examples", "Optional[To test the Array Page]"</td>
<td><div><pre>org.openqa.selenium.UnhandledAlertException: unexpected alert open: {Alert text : SyntaxError: bad input on line 3}
  (Session info: chrome=115.0.5790.170): SyntaxError: bad input on line 3
Build info: version: &apos;4.10.0&apos;, revision: &apos;c14d967899&apos;
System info: os.name: &apos;Windows 11&apos;, os.arch: &apos;amd64&apos;, os.version: &apos;10.0&apos;, java.version: &apos;20.0.1&apos;
Driver info: org.openqa.selenium.chrome.ChromeDriver
Command: [5f60af3c07cd1bfec2ba1375e72fab8a, findElement {using=id, value=output}]
Capabilities {acceptInsecureCerts: false, browserName: chrome, browserVersion: 115.0.5790.170, chrome: {chromedriverVersion: 114.0.5735.90 (386bc09e8f4f..., userDataDir: C:\Users\ashok\AppData\Loca...}, goog:chromeOptions: {debuggerAddress: localhost:56456}, networkConnectionEnabled: false, pageLoadStrategy: normal, platformName: windows, proxy: Proxy(), se:cdp: ws://localhost:56456/devtoo..., se:cdpVersion: 115.0.5790.170, setWindowRect: true, strictFileInteractability: false, timeouts: {implicit: 0, pageLoad: 300000, script: 30000}, unhandledPromptBehavior: dismiss and notify, webauthn:extension:credBlob: true, webauthn:extension:largeBlob: true, webauthn:extension:minPinLength: true, webauthn:extension:prf: true, webauthn:virtualAuthenticators: true}
Session ID: 5f60af3c07cd1bfec2ba1375e72fab8a
	at org.openqa.selenium.remote.codec.w3c.W3CHttpResponseCodec.decode(W3CHttpResponseCodec.java:130)
	at org.openqa.selenium.remote.codec.w3c.W3CHttpResponseCodec.decode(W3CHttpResponseCodec.java:51)
	at org.openqa.selenium.remote.HttpCommandExecutor.execute(HttpCommandExecutor.java:191)
	at org.openqa.selenium.remote.service.DriverCommandExecutor.invokeExecute(DriverCommandExecutor.java:196)
	at org.openqa.selenium.remote.service.DriverCommandExecutor.execute(DriverCommandExecutor.java:171)
	at org.openqa.selenium.remote.RemoteWebDriver.execute(RemoteWebDriver.java:531)
	at org.openqa.selenium.remote.ElementLocation$ElementFinder$2.findElement(ElementLocation.java:165)
	at org.openqa.selenium.remote.ElementLocation.findElement(ElementLocation.java:59)
	at org.openqa.selenium.remote.RemoteWebDriver.findElement(RemoteWebDriver.java:350)
	at org.openqa.selenium.remote.RemoteWebDriver.findElement(RemoteWebDriver.java:344)
	at org.openqa.selenium.support.pagefactory.DefaultElementLocator.findElement(DefaultElementLocator.java:68)
	at org.openqa.selenium.support.pagefactory.internal.LocatingElementHandler.invoke(LocatingElementHandler.java:38)
	at jdk.proxy2/jdk.proxy2.$Proxy42.getText(Unknown Source)
	at com.dsalgoproject.pageobjects.ArrayPage_PageObject.getMeesageinPractice(ArrayPage_PageObject.java:204)
	at com.dsalgoproject.stepdefinitions.ArrayPage_StepDefinitions.the_user_should_be_presented_with_run_result_in_practice_page(ArrayPage_StepDefinitions.java:128)
	at ✽.the user should be presented with Run result &quot;hello World&quot; in Practice Page(file:///C:/Users/ashok/git/DS-ALGOPROJECT_MAIN/DS_ALGO_PROJECT/src/test/resources/feature/04_ArrayPageFeature.feature:70)
</pre></div><a href='#' onClick='toggleBox("stack-trace1155498828", this, "Click to show all stack frames", "Click to hide stack frames")'>Click to show all stack frames</a>
<div class='stack-trace' id='stack-trace1155498828'><pre>org.openqa.selenium.UnhandledAlertException: unexpected alert open: {Alert text : SyntaxError: bad input on line 3}
  (Session info: chrome=115.0.5790.170): SyntaxError: bad input on line 3
Build info: version: &apos;4.10.0&apos;, revision: &apos;c14d967899&apos;
System info: os.name: &apos;Windows 11&apos;, os.arch: &apos;amd64&apos;, os.version: &apos;10.0&apos;, java.version: &apos;20.0.1&apos;
Driver info: org.openqa.selenium.chrome.ChromeDriver
Command: [5f60af3c07cd1bfec2ba1375e72fab8a, findElement {using=id, value=output}]
Capabilities {acceptInsecureCerts: false, browserName: chrome, browserVersion: 115.0.5790.170, chrome: {chromedriverVersion: 114.0.5735.90 (386bc09e8f4f..., userDataDir: C:\Users\ashok\AppData\Loca...}, goog:chromeOptions: {debuggerAddress: localhost:56456}, networkConnectionEnabled: false, pageLoadStrategy: normal, platformName: windows, proxy: Proxy(), se:cdp: ws://localhost:56456/devtoo..., se:cdpVersion: 115.0.5790.170, setWindowRect: true, strictFileInteractability: false, timeouts: {implicit: 0, pageLoad: 300000, script: 30000}, unhandledPromptBehavior: dismiss and notify, webauthn:extension:credBlob: true, webauthn:extension:largeBlob: true, webauthn:extension:minPinLength: true, webauthn:extension:prf: true, webauthn:virtualAuthenticators: true}
Session ID: 5f60af3c07cd1bfec2ba1375e72fab8a
	at org.openqa.selenium.remote.codec.w3c.W3CHttpResponseCodec.decode(W3CHttpResponseCodec.java:130)
	at org.openqa.selenium.remote.codec.w3c.W3CHttpResponseCodec.decode(W3CHttpResponseCodec.java:51)
	at org.openqa.selenium.remote.HttpCommandExecutor.execute(HttpCommandExecutor.java:191)
	at org.openqa.selenium.remote.service.DriverCommandExecutor.invokeExecute(DriverCommandExecutor.java:196)
	at org.openqa.selenium.remote.service.DriverCommandExecutor.execute(DriverCommandExecutor.java:171)
	at org.openqa.selenium.remote.RemoteWebDriver.execute(RemoteWebDriver.java:531)
	at org.openqa.selenium.remote.ElementLocation$ElementFinder$2.findElement(ElementLocation.java:165)
	at org.openqa.selenium.remote.ElementLocation.findElement(ElementLocation.java:59)
	at org.openqa.selenium.remote.RemoteWebDriver.findElement(RemoteWebDriver.java:350)
	at org.openqa.selenium.remote.RemoteWebDriver.findElement(RemoteWebDriver.java:344)
	at org.openqa.selenium.support.pagefactory.DefaultElementLocator.findElement(DefaultElementLocator.java:68)
	at org.openqa.selenium.support.pagefactory.internal.LocatingElementHandler.invoke(LocatingElementHandler.java:38)
	at jdk.proxy2/jdk.proxy2.$Proxy42.getText(Unknown Source)
	at com.dsalgoproject.pageobjects.ArrayPage_PageObject.getMeesageinPractice(ArrayPage_PageObject.java:204)
	at com.dsalgoproject.stepdefinitions.ArrayPage_StepDefinitions.the_user_should_be_presented_with_run_result_in_practice_page(ArrayPage_StepDefinitions.java:128)
	at ✽.the user should be presented with Run result &quot;hello World&quot; in Practice Page(file:///C:/Users/ashok/git/DS-ALGOPROJECT_MAIN/DS_ALGO_PROJECT/src/test/resources/feature/04_ArrayPageFeature.feature:70)
</pre></div></td>
<td>0</td>
<td>com.dsalgoproject.testrunner.RunnerFile@652a7737</td></tr>
<tr>
<td title='com.dsalgoproject.testrunner.RunnerFile.runScenario()'><b>runScenario</b><br>Test class: com.dsalgoproject.testrunner.RunnerFile<br>Test method: Runs Cucumber Scenarios<br>Parameters: "The user is presented with an error message", "Optional[Feature file to test register]"</td>
<td><div><pre>java.lang.AssertionError: expected [Password cannot be too similar to your other personal information] but found [password_mismatch:The two password fields didn’t match.]
	at org.testng.Assert.fail(Assert.java:110)
	at org.testng.Assert.failNotEquals(Assert.java:1577)
	at org.testng.Assert.assertEqualsImpl(Assert.java:149)
	at org.testng.Assert.assertEquals(Assert.java:131)
	at org.testng.Assert.assertEquals(Assert.java:655)
	at org.testng.Assert.assertEquals(Assert.java:665)
	at com.dsalgoproject.stepdefinitions.RegisterPage_StepDefinitions.the_user_should_see_the_error_message_indicating(RegisterPage_StepDefinitions.java:82)
	at ✽.the user should see the error message indicating &quot;Password cannot be too similar to your other personal information&quot;(file:///C:/Users/ashok/git/DS-ALGOPROJECT_MAIN/DS_ALGO_PROJECT/src/test/resources/feature/01_RegisterPageFeature.feature:41)
</pre></div><a href='#' onClick='toggleBox("stack-trace1108039149", this, "Click to show all stack frames", "Click to hide stack frames")'>Click to show all stack frames</a>
<div class='stack-trace' id='stack-trace1108039149'><pre>java.lang.AssertionError: expected [Password cannot be too similar to your other personal information] but found [password_mismatch:The two password fields didn’t match.]
	at org.testng.Assert.fail(Assert.java:110)
	at org.testng.Assert.failNotEquals(Assert.java:1577)
	at org.testng.Assert.assertEqualsImpl(Assert.java:149)
	at org.testng.Assert.assertEquals(Assert.java:131)
	at org.testng.Assert.assertEquals(Assert.java:655)
	at org.testng.Assert.assertEquals(Assert.java:665)
	at com.dsalgoproject.stepdefinitions.RegisterPage_StepDefinitions.the_user_should_see_the_error_message_indicating(RegisterPage_StepDefinitions.java:82)
	at ✽.the user should see the error message indicating &quot;Password cannot be too similar to your other personal information&quot;(file:///C:/Users/ashok/git/DS-ALGOPROJECT_MAIN/DS_ALGO_PROJECT/src/test/resources/feature/01_RegisterPageFeature.feature:41)
</pre></div></td>
<td>0</td>
<td>com.dsalgoproject.testrunner.RunnerFile@652a7737</td></tr>
<tr>
<td title='com.dsalgoproject.testrunner.RunnerFile.runScenario()'><b>runScenario</b><br>Test class: com.dsalgoproject.testrunner.RunnerFile<br>Test method: Runs Cucumber Scenarios<br>Parameters: "The user is presented with an error message", "Optional[Feature file to test register]"</td>
<td><div><pre>java.lang.AssertionError: expected [Password cannot be commonly used password] but found [password_mismatch:The two password fields didn’t match.]
	at org.testng.Assert.fail(Assert.java:110)
	at org.testng.Assert.failNotEquals(Assert.java:1577)
	at org.testng.Assert.assertEqualsImpl(Assert.java:149)
	at org.testng.Assert.assertEquals(Assert.java:131)
	at org.testng.Assert.assertEquals(Assert.java:655)
	at org.testng.Assert.assertEquals(Assert.java:665)
	at com.dsalgoproject.stepdefinitions.RegisterPage_StepDefinitions.the_user_should_see_the_error_message_indicating(RegisterPage_StepDefinitions.java:82)
	at ✽.the user should see the error message indicating &quot;Password cannot be commonly used password&quot;(file:///C:/Users/ashok/git/DS-ALGOPROJECT_MAIN/DS_ALGO_PROJECT/src/test/resources/feature/01_RegisterPageFeature.feature:41)
</pre></div><a href='#' onClick='toggleBox("stack-trace1053273441", this, "Click to show all stack frames", "Click to hide stack frames")'>Click to show all stack frames</a>
<div class='stack-trace' id='stack-trace1053273441'><pre>java.lang.AssertionError: expected [Password cannot be commonly used password] but found [password_mismatch:The two password fields didn’t match.]
	at org.testng.Assert.fail(Assert.java:110)
	at org.testng.Assert.failNotEquals(Assert.java:1577)
	at org.testng.Assert.assertEqualsImpl(Assert.java:149)
	at org.testng.Assert.assertEquals(Assert.java:131)
	at org.testng.Assert.assertEquals(Assert.java:655)
	at org.testng.Assert.assertEquals(Assert.java:665)
	at com.dsalgoproject.stepdefinitions.RegisterPage_StepDefinitions.the_user_should_see_the_error_message_indicating(RegisterPage_StepDefinitions.java:82)
	at ✽.the user should see the error message indicating &quot;Password cannot be commonly used password&quot;(file:///C:/Users/ashok/git/DS-ALGOPROJECT_MAIN/DS_ALGO_PROJECT/src/test/resources/feature/01_RegisterPageFeature.feature:41)
</pre></div></td>
<td>0</td>
<td>com.dsalgoproject.testrunner.RunnerFile@652a7737</td></tr>
<tr>
<td title='com.dsalgoproject.testrunner.RunnerFile.runScenario()'><b>runScenario</b><br>Test class: com.dsalgoproject.testrunner.RunnerFile<br>Test method: Runs Cucumber Scenarios<br>Parameters: "The user is in Array Practice Page and run code for each examples", "Optional[To test the Array Page]"</td>
<td><div><pre>org.openqa.selenium.UnhandledAlertException: unexpected alert open: {Alert text : SyntaxError: bad input on line 3}
  (Session info: chrome=115.0.5790.170): SyntaxError: bad input on line 3
Build info: version: &apos;4.10.0&apos;, revision: &apos;c14d967899&apos;
System info: os.name: &apos;Windows 11&apos;, os.arch: &apos;amd64&apos;, os.version: &apos;10.0&apos;, java.version: &apos;20.0.1&apos;
Driver info: org.openqa.selenium.chrome.ChromeDriver
Command: [5f60af3c07cd1bfec2ba1375e72fab8a, findElement {using=id, value=output}]
Capabilities {acceptInsecureCerts: false, browserName: chrome, browserVersion: 115.0.5790.170, chrome: {chromedriverVersion: 114.0.5735.90 (386bc09e8f4f..., userDataDir: C:\Users\ashok\AppData\Loca...}, goog:chromeOptions: {debuggerAddress: localhost:56456}, networkConnectionEnabled: false, pageLoadStrategy: normal, platformName: windows, proxy: Proxy(), se:cdp: ws://localhost:56456/devtoo..., se:cdpVersion: 115.0.5790.170, setWindowRect: true, strictFileInteractability: false, timeouts: {implicit: 0, pageLoad: 300000, script: 30000}, unhandledPromptBehavior: dismiss and notify, webauthn:extension:credBlob: true, webauthn:extension:largeBlob: true, webauthn:extension:minPinLength: true, webauthn:extension:prf: true, webauthn:virtualAuthenticators: true}
Session ID: 5f60af3c07cd1bfec2ba1375e72fab8a
	at org.openqa.selenium.remote.codec.w3c.W3CHttpResponseCodec.decode(W3CHttpResponseCodec.java:130)
	at org.openqa.selenium.remote.codec.w3c.W3CHttpResponseCodec.decode(W3CHttpResponseCodec.java:51)
	at org.openqa.selenium.remote.HttpCommandExecutor.execute(HttpCommandExecutor.java:191)
	at org.openqa.selenium.remote.service.DriverCommandExecutor.invokeExecute(DriverCommandExecutor.java:196)
	at org.openqa.selenium.remote.service.DriverCommandExecutor.execute(DriverCommandExecutor.java:171)
	at org.openqa.selenium.remote.RemoteWebDriver.execute(RemoteWebDriver.java:531)
	at org.openqa.selenium.remote.ElementLocation$ElementFinder$2.findElement(ElementLocation.java:165)
	at org.openqa.selenium.remote.ElementLocation.findElement(ElementLocation.java:59)
	at org.openqa.selenium.remote.RemoteWebDriver.findElement(RemoteWebDriver.java:350)
	at org.openqa.selenium.remote.RemoteWebDriver.findElement(RemoteWebDriver.java:344)
	at org.openqa.selenium.support.pagefactory.DefaultElementLocator.findElement(DefaultElementLocator.java:68)
	at org.openqa.selenium.support.pagefactory.internal.LocatingElementHandler.invoke(LocatingElementHandler.java:38)
	at jdk.proxy2/jdk.proxy2.$Proxy42.getText(Unknown Source)
	at com.dsalgoproject.pageobjects.ArrayPage_PageObject.getMeesageinPractice(ArrayPage_PageObject.java:204)
	at com.dsalgoproject.stepdefinitions.ArrayPage_StepDefinitions.the_user_should_be_presented_with_run_result_in_practice_page(ArrayPage_StepDefinitions.java:128)
	at ✽.the user should be presented with Run result &quot;hello World&quot; in Practice Page(file:///C:/Users/ashok/git/DS-ALGOPROJECT_MAIN/DS_ALGO_PROJECT/src/test/resources/feature/04_ArrayPageFeature.feature:70)
</pre></div><a href='#' onClick='toggleBox("stack-trace645038677", this, "Click to show all stack frames", "Click to hide stack frames")'>Click to show all stack frames</a>
<div class='stack-trace' id='stack-trace645038677'><pre>org.openqa.selenium.UnhandledAlertException: unexpected alert open: {Alert text : SyntaxError: bad input on line 3}
  (Session info: chrome=115.0.5790.170): SyntaxError: bad input on line 3
Build info: version: &apos;4.10.0&apos;, revision: &apos;c14d967899&apos;
System info: os.name: &apos;Windows 11&apos;, os.arch: &apos;amd64&apos;, os.version: &apos;10.0&apos;, java.version: &apos;20.0.1&apos;
Driver info: org.openqa.selenium.chrome.ChromeDriver
Command: [5f60af3c07cd1bfec2ba1375e72fab8a, findElement {using=id, value=output}]
Capabilities {acceptInsecureCerts: false, browserName: chrome, browserVersion: 115.0.5790.170, chrome: {chromedriverVersion: 114.0.5735.90 (386bc09e8f4f..., userDataDir: C:\Users\ashok\AppData\Loca...}, goog:chromeOptions: {debuggerAddress: localhost:56456}, networkConnectionEnabled: false, pageLoadStrategy: normal, platformName: windows, proxy: Proxy(), se:cdp: ws://localhost:56456/devtoo..., se:cdpVersion: 115.0.5790.170, setWindowRect: true, strictFileInteractability: false, timeouts: {implicit: 0, pageLoad: 300000, script: 30000}, unhandledPromptBehavior: dismiss and notify, webauthn:extension:credBlob: true, webauthn:extension:largeBlob: true, webauthn:extension:minPinLength: true, webauthn:extension:prf: true, webauthn:virtualAuthenticators: true}
Session ID: 5f60af3c07cd1bfec2ba1375e72fab8a
	at org.openqa.selenium.remote.codec.w3c.W3CHttpResponseCodec.decode(W3CHttpResponseCodec.java:130)
	at org.openqa.selenium.remote.codec.w3c.W3CHttpResponseCodec.decode(W3CHttpResponseCodec.java:51)
	at org.openqa.selenium.remote.HttpCommandExecutor.execute(HttpCommandExecutor.java:191)
	at org.openqa.selenium.remote.service.DriverCommandExecutor.invokeExecute(DriverCommandExecutor.java:196)
	at org.openqa.selenium.remote.service.DriverCommandExecutor.execute(DriverCommandExecutor.java:171)
	at org.openqa.selenium.remote.RemoteWebDriver.execute(RemoteWebDriver.java:531)
	at org.openqa.selenium.remote.ElementLocation$ElementFinder$2.findElement(ElementLocation.java:165)
	at org.openqa.selenium.remote.ElementLocation.findElement(ElementLocation.java:59)
	at org.openqa.selenium.remote.RemoteWebDriver.findElement(RemoteWebDriver.java:350)
	at org.openqa.selenium.remote.RemoteWebDriver.findElement(RemoteWebDriver.java:344)
	at org.openqa.selenium.support.pagefactory.DefaultElementLocator.findElement(DefaultElementLocator.java:68)
	at org.openqa.selenium.support.pagefactory.internal.LocatingElementHandler.invoke(LocatingElementHandler.java:38)
	at jdk.proxy2/jdk.proxy2.$Proxy42.getText(Unknown Source)
	at com.dsalgoproject.pageobjects.ArrayPage_PageObject.getMeesageinPractice(ArrayPage_PageObject.java:204)
	at com.dsalgoproject.stepdefinitions.ArrayPage_StepDefinitions.the_user_should_be_presented_with_run_result_in_practice_page(ArrayPage_StepDefinitions.java:128)
	at ✽.the user should be presented with Run result &quot;hello World&quot; in Practice Page(file:///C:/Users/ashok/git/DS-ALGOPROJECT_MAIN/DS_ALGO_PROJECT/src/test/resources/feature/04_ArrayPageFeature.feature:70)
</pre></div></td>
<td>0</td>
<td>com.dsalgoproject.testrunner.RunnerFile@652a7737</td></tr>
<tr>
<td title='com.dsalgoproject.testrunner.RunnerFile.runScenario()'><b>runScenario</b><br>Test class: com.dsalgoproject.testrunner.RunnerFile<br>Test method: Runs Cucumber Scenarios<br>Parameters: "The user is presented with an error message", "Optional[Feature file to test register]"</td>
<td><div><pre>java.lang.AssertionError: expected [Please enter valid username] but found [password_mismatch:The two password fields didn’t match.]
	at org.testng.Assert.fail(Assert.java:110)
	at org.testng.Assert.failNotEquals(Assert.java:1577)
	at org.testng.Assert.assertEqualsImpl(Assert.java:149)
	at org.testng.Assert.assertEquals(Assert.java:131)
	at org.testng.Assert.assertEquals(Assert.java:655)
	at org.testng.Assert.assertEquals(Assert.java:665)
	at com.dsalgoproject.stepdefinitions.RegisterPage_StepDefinitions.the_user_should_see_the_error_message_indicating(RegisterPage_StepDefinitions.java:82)
	at ✽.the user should see the error message indicating &quot;Please enter valid username&quot;(file:///C:/Users/ashok/git/DS-ALGOPROJECT_MAIN/DS_ALGO_PROJECT/src/test/resources/feature/01_RegisterPageFeature.feature:41)
</pre></div><a href='#' onClick='toggleBox("stack-trace901696468", this, "Click to show all stack frames", "Click to hide stack frames")'>Click to show all stack frames</a>
<div class='stack-trace' id='stack-trace901696468'><pre>java.lang.AssertionError: expected [Please enter valid username] but found [password_mismatch:The two password fields didn’t match.]
	at org.testng.Assert.fail(Assert.java:110)
	at org.testng.Assert.failNotEquals(Assert.java:1577)
	at org.testng.Assert.assertEqualsImpl(Assert.java:149)
	at org.testng.Assert.assertEquals(Assert.java:131)
	at org.testng.Assert.assertEquals(Assert.java:655)
	at org.testng.Assert.assertEquals(Assert.java:665)
	at com.dsalgoproject.stepdefinitions.RegisterPage_StepDefinitions.the_user_should_see_the_error_message_indicating(RegisterPage_StepDefinitions.java:82)
	at ✽.the user should see the error message indicating &quot;Please enter valid username&quot;(file:///C:/Users/ashok/git/DS-ALGOPROJECT_MAIN/DS_ALGO_PROJECT/src/test/resources/feature/01_RegisterPageFeature.feature:41)
</pre></div></td>
<td>0</td>
<td>com.dsalgoproject.testrunner.RunnerFile@652a7737</td></tr>
<tr>
<td title='com.dsalgoproject.testrunner.RunnerFile.runScenario()'><b>runScenario</b><br>Test class: com.dsalgoproject.testrunner.RunnerFile<br>Test method: Runs Cucumber Scenarios<br>Parameters: "The user is presented with an error message", "Optional[Feature file to test register]"</td>
<td><div><pre>java.lang.AssertionError: expected [Username already exists] but found [password_mismatch:The two password fields didn’t match.]
	at org.testng.Assert.fail(Assert.java:110)
	at org.testng.Assert.failNotEquals(Assert.java:1577)
	at org.testng.Assert.assertEqualsImpl(Assert.java:149)
	at org.testng.Assert.assertEquals(Assert.java:131)
	at org.testng.Assert.assertEquals(Assert.java:655)
	at org.testng.Assert.assertEquals(Assert.java:665)
	at com.dsalgoproject.stepdefinitions.RegisterPage_StepDefinitions.the_user_should_see_the_error_message_indicating(RegisterPage_StepDefinitions.java:82)
	at ✽.the user should see the error message indicating &quot;Username already exists&quot;(file:///C:/Users/ashok/git/DS-ALGOPROJECT_MAIN/DS_ALGO_PROJECT/src/test/resources/feature/01_RegisterPageFeature.feature:41)
</pre></div><a href='#' onClick='toggleBox("stack-trace430411884", this, "Click to show all stack frames", "Click to hide stack frames")'>Click to show all stack frames</a>
<div class='stack-trace' id='stack-trace430411884'><pre>java.lang.AssertionError: expected [Username already exists] but found [password_mismatch:The two password fields didn’t match.]
	at org.testng.Assert.fail(Assert.java:110)
	at org.testng.Assert.failNotEquals(Assert.java:1577)
	at org.testng.Assert.assertEqualsImpl(Assert.java:149)
	at org.testng.Assert.assertEquals(Assert.java:131)
	at org.testng.Assert.assertEquals(Assert.java:655)
	at org.testng.Assert.assertEquals(Assert.java:665)
	at com.dsalgoproject.stepdefinitions.RegisterPage_StepDefinitions.the_user_should_see_the_error_message_indicating(RegisterPage_StepDefinitions.java:82)
	at ✽.the user should see the error message indicating &quot;Username already exists&quot;(file:///C:/Users/ashok/git/DS-ALGOPROJECT_MAIN/DS_ALGO_PROJECT/src/test/resources/feature/01_RegisterPageFeature.feature:41)
</pre></div></td>
<td>0</td>
<td>com.dsalgoproject.testrunner.RunnerFile@652a7737</td></tr>
<tr>
<td title='com.dsalgoproject.testrunner.RunnerFile.runScenario()'><b>runScenario</b><br>Test class: com.dsalgoproject.testrunner.RunnerFile<br>Test method: Runs Cucumber Scenarios<br>Parameters: "The user is presented with success message when the user giving correct username and password", "Optional[Feature file to test register]"</td>
<td><div><pre>java.lang.AssertionError: expected [New Account Created. You are logged in as coolcucumberteam] but found [password_mismatch:The two password fields didn’t match.]
	at org.testng.Assert.fail(Assert.java:110)
	at org.testng.Assert.failNotEquals(Assert.java:1577)
	at org.testng.Assert.assertEqualsImpl(Assert.java:149)
	at org.testng.Assert.assertEquals(Assert.java:131)
	at org.testng.Assert.assertEquals(Assert.java:655)
	at org.testng.Assert.assertEquals(Assert.java:665)
	at com.dsalgoproject.stepdefinitions.RegisterPage_StepDefinitions.it_should_display_the_success_message(RegisterPage_StepDefinitions.java:93)
	at ✽.It should display the success message &quot;New Account Created. You are logged in as coolcucumberteam&quot;(file:///C:/Users/ashok/git/DS-ALGOPROJECT_MAIN/DS_ALGO_PROJECT/src/test/resources/feature/01_RegisterPageFeature.feature:58)
</pre></div><a href='#' onClick='toggleBox("stack-trace670827031", this, "Click to show all stack frames", "Click to hide stack frames")'>Click to show all stack frames</a>
<div class='stack-trace' id='stack-trace670827031'><pre>java.lang.AssertionError: expected [New Account Created. You are logged in as coolcucumberteam] but found [password_mismatch:The two password fields didn’t match.]
	at org.testng.Assert.fail(Assert.java:110)
	at org.testng.Assert.failNotEquals(Assert.java:1577)
	at org.testng.Assert.assertEqualsImpl(Assert.java:149)
	at org.testng.Assert.assertEquals(Assert.java:131)
	at org.testng.Assert.assertEquals(Assert.java:655)
	at org.testng.Assert.assertEquals(Assert.java:665)
	at com.dsalgoproject.stepdefinitions.RegisterPage_StepDefinitions.it_should_display_the_success_message(RegisterPage_StepDefinitions.java:93)
	at ✽.It should display the success message &quot;New Account Created. You are logged in as coolcucumberteam&quot;(file:///C:/Users/ashok/git/DS-ALGOPROJECT_MAIN/DS_ALGO_PROJECT/src/test/resources/feature/01_RegisterPageFeature.feature:58)
</pre></div></td>
<td>0</td>
<td>com.dsalgoproject.testrunner.RunnerFile@652a7737</td></tr>
<tr>
<td title='com.dsalgoproject.testrunner.RunnerFile.runScenario()'><b>runScenario</b><br>Test class: com.dsalgoproject.testrunner.RunnerFile<br>Test method: Runs Cucumber Scenarios<br>Parameters: "The user is in Array Practice Page and run code for each examples", "Optional[To test the Array Page]"</td>
<td><div><pre>org.openqa.selenium.UnhandledAlertException: unexpected alert open: {Alert text : SyntaxError: bad input on line 3}
  (Session info: chrome=115.0.5790.170): SyntaxError: bad input on line 3
Build info: version: &apos;4.10.0&apos;, revision: &apos;c14d967899&apos;
System info: os.name: &apos;Windows 11&apos;, os.arch: &apos;amd64&apos;, os.version: &apos;10.0&apos;, java.version: &apos;20.0.1&apos;
Driver info: org.openqa.selenium.chrome.ChromeDriver
Command: [5f60af3c07cd1bfec2ba1375e72fab8a, findElement {using=id, value=output}]
Capabilities {acceptInsecureCerts: false, browserName: chrome, browserVersion: 115.0.5790.170, chrome: {chromedriverVersion: 114.0.5735.90 (386bc09e8f4f..., userDataDir: C:\Users\ashok\AppData\Loca...}, goog:chromeOptions: {debuggerAddress: localhost:56456}, networkConnectionEnabled: false, pageLoadStrategy: normal, platformName: windows, proxy: Proxy(), se:cdp: ws://localhost:56456/devtoo..., se:cdpVersion: 115.0.5790.170, setWindowRect: true, strictFileInteractability: false, timeouts: {implicit: 0, pageLoad: 300000, script: 30000}, unhandledPromptBehavior: dismiss and notify, webauthn:extension:credBlob: true, webauthn:extension:largeBlob: true, webauthn:extension:minPinLength: true, webauthn:extension:prf: true, webauthn:virtualAuthenticators: true}
Session ID: 5f60af3c07cd1bfec2ba1375e72fab8a
	at org.openqa.selenium.remote.codec.w3c.W3CHttpResponseCodec.decode(W3CHttpResponseCodec.java:130)
	at org.openqa.selenium.remote.codec.w3c.W3CHttpResponseCodec.decode(W3CHttpResponseCodec.java:51)
	at org.openqa.selenium.remote.HttpCommandExecutor.execute(HttpCommandExecutor.java:191)
	at org.openqa.selenium.remote.service.DriverCommandExecutor.invokeExecute(DriverCommandExecutor.java:196)
	at org.openqa.selenium.remote.service.DriverCommandExecutor.execute(DriverCommandExecutor.java:171)
	at org.openqa.selenium.remote.RemoteWebDriver.execute(RemoteWebDriver.java:531)
	at org.openqa.selenium.remote.ElementLocation$ElementFinder$2.findElement(ElementLocation.java:165)
	at org.openqa.selenium.remote.ElementLocation.findElement(ElementLocation.java:59)
	at org.openqa.selenium.remote.RemoteWebDriver.findElement(RemoteWebDriver.java:350)
	at org.openqa.selenium.remote.RemoteWebDriver.findElement(RemoteWebDriver.java:344)
	at org.openqa.selenium.support.pagefactory.DefaultElementLocator.findElement(DefaultElementLocator.java:68)
	at org.openqa.selenium.support.pagefactory.internal.LocatingElementHandler.invoke(LocatingElementHandler.java:38)
	at jdk.proxy2/jdk.proxy2.$Proxy42.getText(Unknown Source)
	at com.dsalgoproject.pageobjects.ArrayPage_PageObject.getMeesageinPractice(ArrayPage_PageObject.java:204)
	at com.dsalgoproject.stepdefinitions.ArrayPage_StepDefinitions.the_user_should_be_presented_with_run_result_in_practice_page(ArrayPage_StepDefinitions.java:128)
	at ✽.the user should be presented with Run result &quot;hello World&quot; in Practice Page(file:///C:/Users/ashok/git/DS-ALGOPROJECT_MAIN/DS_ALGO_PROJECT/src/test/resources/feature/04_ArrayPageFeature.feature:70)
</pre></div><a href='#' onClick='toggleBox("stack-trace507126135", this, "Click to show all stack frames", "Click to hide stack frames")'>Click to show all stack frames</a>
<div class='stack-trace' id='stack-trace507126135'><pre>org.openqa.selenium.UnhandledAlertException: unexpected alert open: {Alert text : SyntaxError: bad input on line 3}
  (Session info: chrome=115.0.5790.170): SyntaxError: bad input on line 3
Build info: version: &apos;4.10.0&apos;, revision: &apos;c14d967899&apos;
System info: os.name: &apos;Windows 11&apos;, os.arch: &apos;amd64&apos;, os.version: &apos;10.0&apos;, java.version: &apos;20.0.1&apos;
Driver info: org.openqa.selenium.chrome.ChromeDriver
Command: [5f60af3c07cd1bfec2ba1375e72fab8a, findElement {using=id, value=output}]
Capabilities {acceptInsecureCerts: false, browserName: chrome, browserVersion: 115.0.5790.170, chrome: {chromedriverVersion: 114.0.5735.90 (386bc09e8f4f..., userDataDir: C:\Users\ashok\AppData\Loca...}, goog:chromeOptions: {debuggerAddress: localhost:56456}, networkConnectionEnabled: false, pageLoadStrategy: normal, platformName: windows, proxy: Proxy(), se:cdp: ws://localhost:56456/devtoo..., se:cdpVersion: 115.0.5790.170, setWindowRect: true, strictFileInteractability: false, timeouts: {implicit: 0, pageLoad: 300000, script: 30000}, unhandledPromptBehavior: dismiss and notify, webauthn:extension:credBlob: true, webauthn:extension:largeBlob: true, webauthn:extension:minPinLength: true, webauthn:extension:prf: true, webauthn:virtualAuthenticators: true}
Session ID: 5f60af3c07cd1bfec2ba1375e72fab8a
	at org.openqa.selenium.remote.codec.w3c.W3CHttpResponseCodec.decode(W3CHttpResponseCodec.java:130)
	at org.openqa.selenium.remote.codec.w3c.W3CHttpResponseCodec.decode(W3CHttpResponseCodec.java:51)
	at org.openqa.selenium.remote.HttpCommandExecutor.execute(HttpCommandExecutor.java:191)
	at org.openqa.selenium.remote.service.DriverCommandExecutor.invokeExecute(DriverCommandExecutor.java:196)
	at org.openqa.selenium.remote.service.DriverCommandExecutor.execute(DriverCommandExecutor.java:171)
	at org.openqa.selenium.remote.RemoteWebDriver.execute(RemoteWebDriver.java:531)
	at org.openqa.selenium.remote.ElementLocation$ElementFinder$2.findElement(ElementLocation.java:165)
	at org.openqa.selenium.remote.ElementLocation.findElement(ElementLocation.java:59)
	at org.openqa.selenium.remote.RemoteWebDriver.findElement(RemoteWebDriver.java:350)
	at org.openqa.selenium.remote.RemoteWebDriver.findElement(RemoteWebDriver.java:344)
	at org.openqa.selenium.support.pagefactory.DefaultElementLocator.findElement(DefaultElementLocator.java:68)
	at org.openqa.selenium.support.pagefactory.internal.LocatingElementHandler.invoke(LocatingElementHandler.java:38)
	at jdk.proxy2/jdk.proxy2.$Proxy42.getText(Unknown Source)
	at com.dsalgoproject.pageobjects.ArrayPage_PageObject.getMeesageinPractice(ArrayPage_PageObject.java:204)
	at com.dsalgoproject.stepdefinitions.ArrayPage_StepDefinitions.the_user_should_be_presented_with_run_result_in_practice_page(ArrayPage_StepDefinitions.java:128)
	at ✽.the user should be presented with Run result &quot;hello World&quot; in Practice Page(file:///C:/Users/ashok/git/DS-ALGOPROJECT_MAIN/DS_ALGO_PROJECT/src/test/resources/feature/04_ArrayPageFeature.feature:70)
</pre></div></td>
<td>1</td>
<td>com.dsalgoproject.testrunner.RunnerFile@652a7737</td></tr>
<tr>
<td title='com.dsalgoproject.testrunner.RunnerFile.runScenario()'><b>runScenario</b><br>Test class: com.dsalgoproject.testrunner.RunnerFile<br>Test method: Runs Cucumber Scenarios<br>Parameters: "The user is in Array Practice Page and run code for each examples", "Optional[To test the Array Page]"</td>
<td><div><pre>org.openqa.selenium.UnhandledAlertException: unexpected alert open: {Alert text : SyntaxError: bad input on line 3}
  (Session info: chrome=115.0.5790.170): SyntaxError: bad input on line 3
Build info: version: &apos;4.10.0&apos;, revision: &apos;c14d967899&apos;
System info: os.name: &apos;Windows 11&apos;, os.arch: &apos;amd64&apos;, os.version: &apos;10.0&apos;, java.version: &apos;20.0.1&apos;
Driver info: org.openqa.selenium.chrome.ChromeDriver
Command: [5f60af3c07cd1bfec2ba1375e72fab8a, findElement {using=id, value=output}]
Capabilities {acceptInsecureCerts: false, browserName: chrome, browserVersion: 115.0.5790.170, chrome: {chromedriverVersion: 114.0.5735.90 (386bc09e8f4f..., userDataDir: C:\Users\ashok\AppData\Loca...}, goog:chromeOptions: {debuggerAddress: localhost:56456}, networkConnectionEnabled: false, pageLoadStrategy: normal, platformName: windows, proxy: Proxy(), se:cdp: ws://localhost:56456/devtoo..., se:cdpVersion: 115.0.5790.170, setWindowRect: true, strictFileInteractability: false, timeouts: {implicit: 0, pageLoad: 300000, script: 30000}, unhandledPromptBehavior: dismiss and notify, webauthn:extension:credBlob: true, webauthn:extension:largeBlob: true, webauthn:extension:minPinLength: true, webauthn:extension:prf: true, webauthn:virtualAuthenticators: true}
Session ID: 5f60af3c07cd1bfec2ba1375e72fab8a
	at org.openqa.selenium.remote.codec.w3c.W3CHttpResponseCodec.decode(W3CHttpResponseCodec.java:130)
	at org.openqa.selenium.remote.codec.w3c.W3CHttpResponseCodec.decode(W3CHttpResponseCodec.java:51)
	at org.openqa.selenium.remote.HttpCommandExecutor.execute(HttpCommandExecutor.java:191)
	at org.openqa.selenium.remote.service.DriverCommandExecutor.invokeExecute(DriverCommandExecutor.java:196)
	at org.openqa.selenium.remote.service.DriverCommandExecutor.execute(DriverCommandExecutor.java:171)
	at org.openqa.selenium.remote.RemoteWebDriver.execute(RemoteWebDriver.java:531)
	at org.openqa.selenium.remote.ElementLocation$ElementFinder$2.findElement(ElementLocation.java:165)
	at org.openqa.selenium.remote.ElementLocation.findElement(ElementLocation.java:59)
	at org.openqa.selenium.remote.RemoteWebDriver.findElement(RemoteWebDriver.java:350)
	at org.openqa.selenium.remote.RemoteWebDriver.findElement(RemoteWebDriver.java:344)
	at org.openqa.selenium.support.pagefactory.DefaultElementLocator.findElement(DefaultElementLocator.java:68)
	at org.openqa.selenium.support.pagefactory.internal.LocatingElementHandler.invoke(LocatingElementHandler.java:38)
	at jdk.proxy2/jdk.proxy2.$Proxy42.getText(Unknown Source)
	at com.dsalgoproject.pageobjects.ArrayPage_PageObject.getMeesageinPractice(ArrayPage_PageObject.java:204)
	at com.dsalgoproject.stepdefinitions.ArrayPage_StepDefinitions.the_user_should_be_presented_with_run_result_in_practice_page(ArrayPage_StepDefinitions.java:128)
	at ✽.the user should be presented with Run result &quot;hello World&quot; in Practice Page(file:///C:/Users/ashok/git/DS-ALGOPROJECT_MAIN/DS_ALGO_PROJECT/src/test/resources/feature/04_ArrayPageFeature.feature:70)
</pre></div><a href='#' onClick='toggleBox("stack-trace595518177", this, "Click to show all stack frames", "Click to hide stack frames")'>Click to show all stack frames</a>
<div class='stack-trace' id='stack-trace595518177'><pre>org.openqa.selenium.UnhandledAlertException: unexpected alert open: {Alert text : SyntaxError: bad input on line 3}
  (Session info: chrome=115.0.5790.170): SyntaxError: bad input on line 3
Build info: version: &apos;4.10.0&apos;, revision: &apos;c14d967899&apos;
System info: os.name: &apos;Windows 11&apos;, os.arch: &apos;amd64&apos;, os.version: &apos;10.0&apos;, java.version: &apos;20.0.1&apos;
Driver info: org.openqa.selenium.chrome.ChromeDriver
Command: [5f60af3c07cd1bfec2ba1375e72fab8a, findElement {using=id, value=output}]
Capabilities {acceptInsecureCerts: false, browserName: chrome, browserVersion: 115.0.5790.170, chrome: {chromedriverVersion: 114.0.5735.90 (386bc09e8f4f..., userDataDir: C:\Users\ashok\AppData\Loca...}, goog:chromeOptions: {debuggerAddress: localhost:56456}, networkConnectionEnabled: false, pageLoadStrategy: normal, platformName: windows, proxy: Proxy(), se:cdp: ws://localhost:56456/devtoo..., se:cdpVersion: 115.0.5790.170, setWindowRect: true, strictFileInteractability: false, timeouts: {implicit: 0, pageLoad: 300000, script: 30000}, unhandledPromptBehavior: dismiss and notify, webauthn:extension:credBlob: true, webauthn:extension:largeBlob: true, webauthn:extension:minPinLength: true, webauthn:extension:prf: true, webauthn:virtualAuthenticators: true}
Session ID: 5f60af3c07cd1bfec2ba1375e72fab8a
	at org.openqa.selenium.remote.codec.w3c.W3CHttpResponseCodec.decode(W3CHttpResponseCodec.java:130)
	at org.openqa.selenium.remote.codec.w3c.W3CHttpResponseCodec.decode(W3CHttpResponseCodec.java:51)
	at org.openqa.selenium.remote.HttpCommandExecutor.execute(HttpCommandExecutor.java:191)
	at org.openqa.selenium.remote.service.DriverCommandExecutor.invokeExecute(DriverCommandExecutor.java:196)
	at org.openqa.selenium.remote.service.DriverCommandExecutor.execute(DriverCommandExecutor.java:171)
	at org.openqa.selenium.remote.RemoteWebDriver.execute(RemoteWebDriver.java:531)
	at org.openqa.selenium.remote.ElementLocation$ElementFinder$2.findElement(ElementLocation.java:165)
	at org.openqa.selenium.remote.ElementLocation.findElement(ElementLocation.java:59)
	at org.openqa.selenium.remote.RemoteWebDriver.findElement(RemoteWebDriver.java:350)
	at org.openqa.selenium.remote.RemoteWebDriver.findElement(RemoteWebDriver.java:344)
	at org.openqa.selenium.support.pagefactory.DefaultElementLocator.findElement(DefaultElementLocator.java:68)
	at org.openqa.selenium.support.pagefactory.internal.LocatingElementHandler.invoke(LocatingElementHandler.java:38)
	at jdk.proxy2/jdk.proxy2.$Proxy42.getText(Unknown Source)
	at com.dsalgoproject.pageobjects.ArrayPage_PageObject.getMeesageinPractice(ArrayPage_PageObject.java:204)
	at com.dsalgoproject.stepdefinitions.ArrayPage_StepDefinitions.the_user_should_be_presented_with_run_result_in_practice_page(ArrayPage_StepDefinitions.java:128)
	at ✽.the user should be presented with Run result &quot;hello World&quot; in Practice Page(file:///C:/Users/ashok/git/DS-ALGOPROJECT_MAIN/DS_ALGO_PROJECT/src/test/resources/feature/04_ArrayPageFeature.feature:70)
</pre></div></td>
<td>0</td>
<td>com.dsalgoproject.testrunner.RunnerFile@652a7737</td></tr>
</table><p>
<table width='100%' border='1' class='invocation-passed'>
<tr><td colspan='4' align='center'><b>PASSED TESTS</b></td></tr>
<tr><td><b>Test method</b></td>
<td><b>Attribute(s)</b></td>
<td width="30%"><b>Exception</b></td>
<td width="10%"><b>Time (seconds)</b></td>
<td><b>Instance</b></td>
</tr>
<tr>
<td title='com.dsalgoproject.testrunner.RunnerFile.runScenario()'><b>runScenario</b><br>Test class: com.dsalgoproject.testrunner.RunnerFile<br>Test method: Runs Cucumber Scenarios<br>Parameters: "The user is  navigating to Tree Page and runs invalid code in tryEditor page", "Optional[To test Tree Data Structure Page]"</td>
<td></td>
<td>0</td>
<td>com.dsalgoproject.testrunner.RunnerFile@652a7737</td></tr>
<tr>
<td title='com.dsalgoproject.testrunner.RunnerFile.runScenario()'><b>runScenario</b><br>Test class: com.dsalgoproject.testrunner.RunnerFile<br>Test method: Runs Cucumber Scenarios<br>Parameters: "User is on HomePage and click getstarted link on homepage without logged in", "Optional[To Test the HomePage]"</td>
<td></td>
<td>0</td>
<td>com.dsalgoproject.testrunner.RunnerFile@652a7737</td></tr>
<tr>
<td title='com.dsalgoproject.testrunner.RunnerFile.runScenario()'><b>runScenario</b><br>Test class: com.dsalgoproject.testrunner.RunnerFile<br>Test method: Runs Cucumber Scenarios<br>Parameters: "The user is able to navigate to Queue Page and runs invalid code in tryEditor page", "Optional[To test the Queue Data Structure Page]"</td>
<td></td>
<td>0</td>
<td>com.dsalgoproject.testrunner.RunnerFile@652a7737</td></tr>
<tr>
<td title='com.dsalgoproject.testrunner.RunnerFile.runScenario()'><b>runScenario</b><br>Test class: com.dsalgoproject.testrunner.RunnerFile<br>Test method: Runs Cucumber Scenarios<br>Parameters: "User is clicking Data Structures", "Optional[To Test the HomePage]"</td>
<td></td>
<td>1</td>
<td>com.dsalgoproject.testrunner.RunnerFile@652a7737</td></tr>
<tr>
<td title='com.dsalgoproject.testrunner.RunnerFile.runScenario()'><b>runScenario</b><br>Test class: com.dsalgoproject.testrunner.RunnerFile<br>Test method: Runs Cucumber Scenarios<br>Parameters: "The user is  navigating to Tree Page and runs invalid code in tryEditor page", "Optional[To test Tree Data Structure Page]"</td>
<td></td>
<td>0</td>
<td>com.dsalgoproject.testrunner.RunnerFile@652a7737</td></tr>
<tr>
<td title='com.dsalgoproject.testrunner.RunnerFile.runScenario()'><b>runScenario</b><br>Test class: com.dsalgoproject.testrunner.RunnerFile<br>Test method: Runs Cucumber Scenarios<br>Parameters: "The user is in Array Practice Page and run invalid code for each examples", "Optional[To test the Array Page]"</td>
<td></td>
<td>0</td>
<td>com.dsalgoproject.testrunner.RunnerFile@652a7737</td></tr>
<tr>
<td title='com.dsalgoproject.testrunner.RunnerFile.runScenario()'><b>runScenario</b><br>Test class: com.dsalgoproject.testrunner.RunnerFile<br>Test method: Runs Cucumber Scenarios<br>Parameters: "The user is  navigating to Tree Page and runs code in tryEditor page", "Optional[To test Tree Data Structure Page]"</td>
<td></td>
<td>0</td>
<td>com.dsalgoproject.testrunner.RunnerFile@652a7737</td></tr>
<tr>
<td title='com.dsalgoproject.testrunner.RunnerFile.runScenario()'><b>runScenario</b><br>Test class: com.dsalgoproject.testrunner.RunnerFile<br>Test method: Runs Cucumber Scenarios<br>Parameters: "User is on HomePage and click getstarted link on homepage without logged in", "Optional[To Test the HomePage]"</td>
<td></td>
<td>0</td>
<td>com.dsalgoproject.testrunner.RunnerFile@652a7737</td></tr>
<tr>
<td title='com.dsalgoproject.testrunner.RunnerFile.runScenario()'><b>runScenario</b><br>Test class: com.dsalgoproject.testrunner.RunnerFile<br>Test method: Runs Cucumber Scenarios<br>Parameters: "The user is able to navigate to Linked Lists Page and run code in tryEditor page", "Optional[User navigates to the Linked list page and tests the various options under it]"</td>
<td></td>
<td>0</td>
<td>com.dsalgoproject.testrunner.RunnerFile@652a7737</td></tr>
<tr>
<td title='com.dsalgoproject.testrunner.RunnerFile.runScenario()'><b>runScenario</b><br>Test class: com.dsalgoproject.testrunner.RunnerFile<br>Test method: Runs Cucumber Scenarios<br>Parameters: "User is on HomePage and click getstarted link on homepage without logged in", "Optional[To Test the HomePage]"</td>
<td></td>
<td>0</td>
<td>com.dsalgoproject.testrunner.RunnerFile@652a7737</td></tr>
<tr>
<td title='com.dsalgoproject.testrunner.RunnerFile.runScenario()'><b>runScenario</b><br>Test class: com.dsalgoproject.testrunner.RunnerFile<br>Test method: Runs Cucumber Scenarios<br>Parameters: "The user is in Arrays Page and run code in tryEditor page", "Optional[To test the Array Page]"</td>
<td></td>
<td>0</td>
<td>com.dsalgoproject.testrunner.RunnerFile@652a7737</td></tr>
<tr>
<td title='com.dsalgoproject.testrunner.RunnerFile.runScenario()'><b>runScenario</b><br>Test class: com.dsalgoproject.testrunner.RunnerFile<br>Test method: Runs Cucumber Scenarios<br>Parameters: "The user is  navigating to Tree Page and runs code in tryEditor page", "Optional[To test Tree Data Structure Page]"</td>
<td></td>
<td>1</td>
<td>com.dsalgoproject.testrunner.RunnerFile@652a7737</td></tr>
<tr>
<td title='com.dsalgoproject.testrunner.RunnerFile.runScenario()'><b>runScenario</b><br>Test class: com.dsalgoproject.testrunner.RunnerFile<br>Test method: Runs Cucumber Scenarios<br>Parameters: "The user is able to navigate to Linked Lists page and run invalid python code in tryEditor page", "Optional[User navigates to the Linked list page and tests the various options under it]"</td>
<td></td>
<td>0</td>
<td>com.dsalgoproject.testrunner.RunnerFile@652a7737</td></tr>
<tr>
<td title='com.dsalgoproject.testrunner.RunnerFile.runScenario()'><b>runScenario</b><br>Test class: com.dsalgoproject.testrunner.RunnerFile<br>Test method: Runs Cucumber Scenarios<br>Parameters: "The user is  navigating to Tree Page and runs code in tryEditor page", "Optional[To test Tree Data Structure Page]"</td>
<td></td>
<td>0</td>
<td>com.dsalgoproject.testrunner.RunnerFile@652a7737</td></tr>
<tr>
<td title='com.dsalgoproject.testrunner.RunnerFile.runScenario()'><b>runScenario</b><br>Test class: com.dsalgoproject.testrunner.RunnerFile<br>Test method: Runs Cucumber Scenarios<br>Parameters: "The user is  navigating to Tree Page and runs invalid code in tryEditor page", "Optional[To test Tree Data Structure Page]"</td>
<td></td>
<td>0</td>
<td>com.dsalgoproject.testrunner.RunnerFile@652a7737</td></tr>
<tr>
<td title='com.dsalgoproject.testrunner.RunnerFile.runScenario()'><b>runScenario</b><br>Test class: com.dsalgoproject.testrunner.RunnerFile<br>Test method: Runs Cucumber Scenarios<br>Parameters: "User is clicking Data Structures", "Optional[To Test the HomePage]"</td>
<td></td>
<td>1</td>
<td>com.dsalgoproject.testrunner.RunnerFile@652a7737</td></tr>
<tr>
<td title='com.dsalgoproject.testrunner.RunnerFile.runScenario()'><b>runScenario</b><br>Test class: com.dsalgoproject.testrunner.RunnerFile<br>Test method: Runs Cucumber Scenarios<br>Parameters: "The user is  navigating to Tree Page and runs code in tryEditor page", "Optional[To test Tree Data Structure Page]"</td>
<td></td>
<td>1</td>
<td>com.dsalgoproject.testrunner.RunnerFile@652a7737</td></tr>
<tr>
<td title='com.dsalgoproject.testrunner.RunnerFile.runScenario()'><b>runScenario</b><br>Test class: com.dsalgoproject.testrunner.RunnerFile<br>Test method: Runs Cucumber Scenarios<br>Parameters: "The user is able to navigate to Stack topic page and runs code in the tryeditor page", "Optional[Testing the Stack Page]"</td>
<td></td>
<td>0</td>
<td>com.dsalgoproject.testrunner.RunnerFile@652a7737</td></tr>
<tr>
<td title='com.dsalgoproject.testrunner.RunnerFile.runScenario()'><b>runScenario</b><br>Test class: com.dsalgoproject.testrunner.RunnerFile<br>Test method: Runs Cucumber Scenarios<br>Parameters: "The user is able to navigate to Queue Page and run code in tryEditor page", "Optional[To test the Queue Data Structure Page]"</td>
<td></td>
<td>1</td>
<td>com.dsalgoproject.testrunner.RunnerFile@652a7737</td></tr>
<tr>
<td title='com.dsalgoproject.testrunner.RunnerFile.runScenario()'><b>runScenario</b><br>Test class: com.dsalgoproject.testrunner.RunnerFile<br>Test method: Runs Cucumber Scenarios<br>Parameters: "The user is  navigating to Tree Page and runs code in tryEditor page", "Optional[To test Tree Data Structure Page]"</td>
<td></td>
<td>0</td>
<td>com.dsalgoproject.testrunner.RunnerFile@652a7737</td></tr>
<tr>
<td title='com.dsalgoproject.testrunner.RunnerFile.runScenario()'><b>runScenario</b><br>Test class: com.dsalgoproject.testrunner.RunnerFile<br>Test method: Runs Cucumber Scenarios<br>Parameters: "The user is able to navigate to Graph topic page and run code in the tryeditor", "Optional[To test the Graph Page]"</td>
<td></td>
<td>0</td>
<td>com.dsalgoproject.testrunner.RunnerFile@652a7737</td></tr>
<tr>
<td title='com.dsalgoproject.testrunner.RunnerFile.runScenario()'><b>runScenario</b><br>Test class: com.dsalgoproject.testrunner.RunnerFile<br>Test method: Runs Cucumber Scenarios<br>Parameters: "User is on HomePage and click getstarted link on homepage without logged in", "Optional[To Test the HomePage]"</td>
<td></td>
<td>0</td>
<td>com.dsalgoproject.testrunner.RunnerFile@652a7737</td></tr>
<tr>
<td title='com.dsalgoproject.testrunner.RunnerFile.runScenario()'><b>runScenario</b><br>Test class: com.dsalgoproject.testrunner.RunnerFile<br>Test method: Runs Cucumber Scenarios<br>Parameters: "User is clicking Data Structures", "Optional[To Test the HomePage]"</td>
<td></td>
<td>1</td>
<td>com.dsalgoproject.testrunner.RunnerFile@652a7737</td></tr>
<tr>
<td title='com.dsalgoproject.testrunner.RunnerFile.runScenario()'><b>runScenario</b><br>Test class: com.dsalgoproject.testrunner.RunnerFile<br>Test method: Runs Cucumber Scenarios<br>Parameters: "The user is  navigating to Tree Page and runs invalid code in tryEditor page", "Optional[To test Tree Data Structure Page]"</td>
<td></td>
<td>0</td>
<td>com.dsalgoproject.testrunner.RunnerFile@652a7737</td></tr>
<tr>
<td title='com.dsalgoproject.testrunner.RunnerFile.runScenario()'><b>runScenario</b><br>Test class: com.dsalgoproject.testrunner.RunnerFile<br>Test method: Runs Cucumber Scenarios<br>Parameters: "The user is able to navigate to Arrays Page and run code in tryEditor page", "Optional[To test the Array Page]"</td>
<td></td>
<td>1</td>
<td>com.dsalgoproject.testrunner.RunnerFile@652a7737</td></tr>
<tr>
<td title='com.dsalgoproject.testrunner.RunnerFile.runScenario()'><b>runScenario</b><br>Test class: com.dsalgoproject.testrunner.RunnerFile<br>Test method: Runs Cucumber Scenarios<br>Parameters: "The user is able to navigate to Linked Lists page and run invalid python code in tryEditor page", "Optional[User navigates to the Linked list page and tests the various options under it]"</td>
<td></td>
<td>0</td>
<td>com.dsalgoproject.testrunner.RunnerFile@652a7737</td></tr>
<tr>
<td title='com.dsalgoproject.testrunner.RunnerFile.runScenario()'><b>runScenario</b><br>Test class: com.dsalgoproject.testrunner.RunnerFile<br>Test method: Runs Cucumber Scenarios<br>Parameters: "The user is able to navigate to Linked Lists Page and run code in tryEditor page", "Optional[User navigates to the Linked list page and tests the various options under it]"</td>
<td></td>
<td>1</td>
<td>com.dsalgoproject.testrunner.RunnerFile@652a7737</td></tr>
<tr>
<td title='com.dsalgoproject.testrunner.RunnerFile.runScenario()'><b>runScenario</b><br>Test class: com.dsalgoproject.testrunner.RunnerFile<br>Test method: Runs Cucumber Scenarios<br>Parameters: "The user is able to navigate to Linked Lists page and run invalid python code in tryEditor page", "Optional[User navigates to the Linked list page and tests the various options under it]"</td>
<td></td>
<td>0</td>
<td>com.dsalgoproject.testrunner.RunnerFile@652a7737</td></tr>
<tr>
<td title='com.dsalgoproject.testrunner.RunnerFile.runScenario()'><b>runScenario</b><br>Test class: com.dsalgoproject.testrunner.RunnerFile<br>Test method: Runs Cucumber Scenarios<br>Parameters: "The user is  navigating to Tree Page and runs invalid code in tryEditor page", "Optional[To test Tree Data Structure Page]"</td>
<td></td>
<td>1</td>
<td>com.dsalgoproject.testrunner.RunnerFile@652a7737</td></tr>
<tr>
<td title='com.dsalgoproject.testrunner.RunnerFile.runScenario()'><b>runScenario</b><br>Test class: com.dsalgoproject.testrunner.RunnerFile<br>Test method: Runs Cucumber Scenarios<br>Parameters: "The user is in Arrays Page and run code in tryEditor page", "Optional[To test the Array Page]"</td>
<td></td>
<td>0</td>
<td>com.dsalgoproject.testrunner.RunnerFile@652a7737</td></tr>
<tr>
<td title='com.dsalgoproject.testrunner.RunnerFile.runScenario()'><b>runScenario</b><br>Test class: com.dsalgoproject.testrunner.RunnerFile<br>Test method: Runs Cucumber Scenarios<br>Parameters: "The user is  navigating to Tree Page and runs invalid code in tryEditor page", "Optional[To test Tree Data Structure Page]"</td>
<td></td>
<td>0</td>
<td>com.dsalgoproject.testrunner.RunnerFile@652a7737</td></tr>
<tr>
<td title='com.dsalgoproject.testrunner.RunnerFile.runScenario()'><b>runScenario</b><br>Test class: com.dsalgoproject.testrunner.RunnerFile<br>Test method: Runs Cucumber Scenarios<br>Parameters: "User is able to run code in tryEditor", "Optional[User is logged into DS-Algo page and checking the DataStructures module]"</td>
<td></td>
<td>0</td>
<td>com.dsalgoproject.testrunner.RunnerFile@652a7737</td></tr>
<tr>
<td title='com.dsalgoproject.testrunner.RunnerFile.runScenario()'><b>runScenario</b><br>Test class: com.dsalgoproject.testrunner.RunnerFile<br>Test method: Runs Cucumber Scenarios<br>Parameters: "User is on HomePage and click getstarted link on homepage without logged in", "Optional[To Test the HomePage]"</td>
<td></td>
<td>0</td>
<td>com.dsalgoproject.testrunner.RunnerFile@652a7737</td></tr>
<tr>
<td title='com.dsalgoproject.testrunner.RunnerFile.runScenario()'><b>runScenario</b><br>Test class: com.dsalgoproject.testrunner.RunnerFile<br>Test method: Runs Cucumber Scenarios<br>Parameters: "The user is in Arrays Page and run code in tryEditor page", "Optional[To test the Array Page]"</td>
<td></td>
<td>1</td>
<td>com.dsalgoproject.testrunner.RunnerFile@652a7737</td></tr>
<tr>
<td title='com.dsalgoproject.testrunner.RunnerFile.runScenario()'><b>runScenario</b><br>Test class: com.dsalgoproject.testrunner.RunnerFile<br>Test method: Runs Cucumber Scenarios<br>Parameters: "The user is  navigating to Tree Page and runs invalid code in tryEditor page", "Optional[To test Tree Data Structure Page]"</td>
<td></td>
<td>0</td>
<td>com.dsalgoproject.testrunner.RunnerFile@652a7737</td></tr>
<tr>
<td title='com.dsalgoproject.testrunner.RunnerFile.runScenario()'><b>runScenario</b><br>Test class: com.dsalgoproject.testrunner.RunnerFile<br>Test method: Runs Cucumber Scenarios<br>Parameters: "The user is  navigating to Tree Page and runs code in tryEditor page", "Optional[To test Tree Data Structure Page]"</td>
<td></td>
<td>0</td>
<td>com.dsalgoproject.testrunner.RunnerFile@652a7737</td></tr>
<tr>
<td title='com.dsalgoproject.testrunner.RunnerFile.runScenario()'><b>runScenario</b><br>Test class: com.dsalgoproject.testrunner.RunnerFile<br>Test method: Runs Cucumber Scenarios<br>Parameters: "The user is  navigating to Tree Page and runs code in tryEditor page", "Optional[To test Tree Data Structure Page]"</td>
<td></td>
<td>1</td>
<td>com.dsalgoproject.testrunner.RunnerFile@652a7737</td></tr>
<tr>
<td title='com.dsalgoproject.testrunner.RunnerFile.runScenario()'><b>runScenario</b><br>Test class: com.dsalgoproject.testrunner.RunnerFile<br>Test method: Runs Cucumber Scenarios<br>Parameters: "The user is presented with an error message", "Optional[Feature file to test register]"</td>
<td></td>
<td>0</td>
<td>com.dsalgoproject.testrunner.RunnerFile@652a7737</td></tr>
<tr>
<td title='com.dsalgoproject.testrunner.RunnerFile.runScenario()'><b>runScenario</b><br>Test class: com.dsalgoproject.testrunner.RunnerFile<br>Test method: Runs Cucumber Scenarios<br>Parameters: "The user is in Arrays Page and run code in tryEditor page", "Optional[To test the Array Page]"</td>
<td></td>
<td>0</td>
<td>com.dsalgoproject.testrunner.RunnerFile@652a7737</td></tr>
<tr>
<td title='com.dsalgoproject.testrunner.RunnerFile.runScenario()'><b>runScenario</b><br>Test class: com.dsalgoproject.testrunner.RunnerFile<br>Test method: Runs Cucumber Scenarios<br>Parameters: "User is on HomePage and click getstarted link on homepage without logged in", "Optional[To Test the HomePage]"</td>
<td></td>
<td>0</td>
<td>com.dsalgoproject.testrunner.RunnerFile@652a7737</td></tr>
<tr>
<td title='com.dsalgoproject.testrunner.RunnerFile.runScenario()'><b>runScenario</b><br>Test class: com.dsalgoproject.testrunner.RunnerFile<br>Test method: Runs Cucumber Scenarios<br>Parameters: "The user navigates to the Queue Data Structure Page", "Optional[To test the Queue Data Structure Page]"</td>
<td></td>
<td>0</td>
<td>com.dsalgoproject.testrunner.RunnerFile@652a7737</td></tr>
<tr>
<td title='com.dsalgoproject.testrunner.RunnerFile.runScenario()'><b>runScenario</b><br>Test class: com.dsalgoproject.testrunner.RunnerFile<br>Test method: Runs Cucumber Scenarios<br>Parameters: "The User is able to navigate to Array Data Structure Page", "Optional[To test the Array Page]"</td>
<td></td>
<td>1</td>
<td>com.dsalgoproject.testrunner.RunnerFile@652a7737</td></tr>
<tr>
<td title='com.dsalgoproject.testrunner.RunnerFile.runScenario()'><b>runScenario</b><br>Test class: com.dsalgoproject.testrunner.RunnerFile<br>Test method: Runs Cucumber Scenarios<br>Parameters: "The user is  navigating to Tree Page and runs code in tryEditor page", "Optional[To test Tree Data Structure Page]"</td>
<td></td>
<td>0</td>
<td>com.dsalgoproject.testrunner.RunnerFile@652a7737</td></tr>
<tr>
<td title='com.dsalgoproject.testrunner.RunnerFile.runScenario()'><b>runScenario</b><br>Test class: com.dsalgoproject.testrunner.RunnerFile<br>Test method: Runs Cucumber Scenarios<br>Parameters: "The user is  navigating to Tree Page and runs invalid code in tryEditor page", "Optional[To test Tree Data Structure Page]"</td>
<td></td>
<td>0</td>
<td>com.dsalgoproject.testrunner.RunnerFile@652a7737</td></tr>
<tr>
<td title='com.dsalgoproject.testrunner.RunnerFile.runScenario()'><b>runScenario</b><br>Test class: com.dsalgoproject.testrunner.RunnerFile<br>Test method: Runs Cucumber Scenarios<br>Parameters: "User is on Home page and click register", "Optional[To Test the HomePage]"</td>
<td></td>
<td>0</td>
<td>com.dsalgoproject.testrunner.RunnerFile@652a7737</td></tr>
<tr>
<td title='com.dsalgoproject.testrunner.RunnerFile.runScenario()'><b>runScenario</b><br>Test class: com.dsalgoproject.testrunner.RunnerFile<br>Test method: Runs Cucumber Scenarios<br>Parameters: "The user is  navigating to Tree Page and runs code in tryEditor page", "Optional[To test Tree Data Structure Page]"</td>
<td></td>
<td>1</td>
<td>com.dsalgoproject.testrunner.RunnerFile@652a7737</td></tr>
<tr>
<td title='com.dsalgoproject.testrunner.RunnerFile.runScenario()'><b>runScenario</b><br>Test class: com.dsalgoproject.testrunner.RunnerFile<br>Test method: Runs Cucumber Scenarios<br>Parameters: "User launch home page of an DSALgo Project", "Optional[To Test the HomePage]"</td>
<td></td>
<td>4</td>
<td>com.dsalgoproject.testrunner.RunnerFile@652a7737</td></tr>
<tr>
<td title='com.dsalgoproject.testrunner.RunnerFile.runScenario()'><b>runScenario</b><br>Test class: com.dsalgoproject.testrunner.RunnerFile<br>Test method: Runs Cucumber Scenarios<br>Parameters: "The user is able to navigate to Graph topic page and run code in the tryeditor", "Optional[To test the Graph Page]"</td>
<td></td>
<td>0</td>
<td>com.dsalgoproject.testrunner.RunnerFile@652a7737</td></tr>
<tr>
<td title='com.dsalgoproject.testrunner.RunnerFile.runScenario()'><b>runScenario</b><br>Test class: com.dsalgoproject.testrunner.RunnerFile<br>Test method: Runs Cucumber Scenarios<br>Parameters: "The user is able to navigate to Linked Lists Page and run code in tryEditor page", "Optional[User navigates to the Linked list page and tests the various options under it]"</td>
<td></td>
<td>0</td>
<td>com.dsalgoproject.testrunner.RunnerFile@652a7737</td></tr>
<tr>
<td title='com.dsalgoproject.testrunner.RunnerFile.runScenario()'><b>runScenario</b><br>Test class: com.dsalgoproject.testrunner.RunnerFile<br>Test method: Runs Cucumber Scenarios<br>Parameters: "The user is in Array Practice Page and run invalid code for each examples", "Optional[To test the Array Page]"</td>
<td></td>
<td>1</td>
<td>com.dsalgoproject.testrunner.RunnerFile@652a7737</td></tr>
<tr>
<td title='com.dsalgoproject.testrunner.RunnerFile.runScenario()'><b>runScenario</b><br>Test class: com.dsalgoproject.testrunner.RunnerFile<br>Test method: Runs Cucumber Scenarios<br>Parameters: "The user is able to navigate to Queue Page and runs invalid code in tryEditor page", "Optional[To test the Queue Data Structure Page]"</td>
<td></td>
<td>0</td>
<td>com.dsalgoproject.testrunner.RunnerFile@652a7737</td></tr>
<tr>
<td title='com.dsalgoproject.testrunner.RunnerFile.runScenario()'><b>runScenario</b><br>Test class: com.dsalgoproject.testrunner.RunnerFile<br>Test method: Runs Cucumber Scenarios<br>Parameters: "User is clicking Data Structures", "Optional[To Test the HomePage]"</td>
<td></td>
<td>1</td>
<td>com.dsalgoproject.testrunner.RunnerFile@652a7737</td></tr>
<tr>
<td title='com.dsalgoproject.testrunner.RunnerFile.runScenario()'><b>runScenario</b><br>Test class: com.dsalgoproject.testrunner.RunnerFile<br>Test method: Runs Cucumber Scenarios<br>Parameters: "The user is able to navigate to Linked Lists page and run invalid python code in tryEditor page", "Optional[User navigates to the Linked list page and tests the various options under it]"</td>
<td></td>
<td>0</td>
<td>com.dsalgoproject.testrunner.RunnerFile@652a7737</td></tr>
<tr>
<td title='com.dsalgoproject.testrunner.RunnerFile.runScenario()'><b>runScenario</b><br>Test class: com.dsalgoproject.testrunner.RunnerFile<br>Test method: Runs Cucumber Scenarios<br>Parameters: "The user is  navigating to Tree Page and runs code in tryEditor page", "Optional[To test Tree Data Structure Page]"</td>
<td></td>
<td>0</td>
<td>com.dsalgoproject.testrunner.RunnerFile@652a7737</td></tr>
<tr>
<td title='com.dsalgoproject.testrunner.RunnerFile.runScenario()'><b>runScenario</b><br>Test class: com.dsalgoproject.testrunner.RunnerFile<br>Test method: Runs Cucumber Scenarios<br>Parameters: "The user is presented with error message for empty fields below username textbox", "Optional[Feature file to test register]"</td>
<td></td>
<td>0</td>
<td>com.dsalgoproject.testrunner.RunnerFile@652a7737</td></tr>
<tr>
<td title='com.dsalgoproject.testrunner.RunnerFile.runScenario()'><b>runScenario</b><br>Test class: com.dsalgoproject.testrunner.RunnerFile<br>Test method: Runs Cucumber Scenarios<br>Parameters: "The user navigates to the Tree Data Structure page", "Optional[To test Tree Data Structure Page]"</td>
<td></td>
<td>1</td>
<td>com.dsalgoproject.testrunner.RunnerFile@652a7737</td></tr>
<tr>
<td title='com.dsalgoproject.testrunner.RunnerFile.runScenario()'><b>runScenario</b><br>Test class: com.dsalgoproject.testrunner.RunnerFile<br>Test method: Runs Cucumber Scenarios<br>Parameters: "The user is  navigating to Tree Page and runs invalid code in tryEditor page", "Optional[To test Tree Data Structure Page]"</td>
<td></td>
<td>0</td>
<td>com.dsalgoproject.testrunner.RunnerFile@652a7737</td></tr>
<tr>
<td title='com.dsalgoproject.testrunner.RunnerFile.runScenario()'><b>runScenario</b><br>Test class: com.dsalgoproject.testrunner.RunnerFile<br>Test method: Runs Cucumber Scenarios<br>Parameters: "The user clicks on register link on signin page", "Optional[Navigating to Login page of DS Algo]"</td>
<td></td>
<td>0</td>
<td>com.dsalgoproject.testrunner.RunnerFile@652a7737</td></tr>
<tr>
<td title='com.dsalgoproject.testrunner.RunnerFile.runScenario()'><b>runScenario</b><br>Test class: com.dsalgoproject.testrunner.RunnerFile<br>Test method: Runs Cucumber Scenarios<br>Parameters: "The user navigates to Graph Data structure Page", "Optional[To test the Graph Page]"</td>
<td></td>
<td>1</td>
<td>com.dsalgoproject.testrunner.RunnerFile@652a7737</td></tr>
<tr>
<td title='com.dsalgoproject.testrunner.RunnerFile.runScenario()'><b>runScenario</b><br>Test class: com.dsalgoproject.testrunner.RunnerFile<br>Test method: Runs Cucumber Scenarios<br>Parameters: "The user is presented with error message for "Invalid Username and Password"", "Optional[Navigating to Login page of DS Algo]"</td>
<td></td>
<td>1</td>
<td>com.dsalgoproject.testrunner.RunnerFile@652a7737</td></tr>
<tr>
<td title='com.dsalgoproject.testrunner.RunnerFile.runScenario()'><b>runScenario</b><br>Test class: com.dsalgoproject.testrunner.RunnerFile<br>Test method: Runs Cucumber Scenarios<br>Parameters: "The user is able to navigate to Linked Lists page and run invalid python code in tryEditor page", "Optional[User navigates to the Linked list page and tests the various options under it]"</td>
<td></td>
<td>0</td>
<td>com.dsalgoproject.testrunner.RunnerFile@652a7737</td></tr>
<tr>
<td title='com.dsalgoproject.testrunner.RunnerFile.runScenario()'><b>runScenario</b><br>Test class: com.dsalgoproject.testrunner.RunnerFile<br>Test method: Runs Cucumber Scenarios<br>Parameters: "The user is able to navigate to Stack topic page and run code in the tryeditor", "Optional[Testing the Stack Page]"</td>
<td></td>
<td>0</td>
<td>com.dsalgoproject.testrunner.RunnerFile@652a7737</td></tr>
<tr>
<td title='com.dsalgoproject.testrunner.RunnerFile.runScenario()'><b>runScenario</b><br>Test class: com.dsalgoproject.testrunner.RunnerFile<br>Test method: Runs Cucumber Scenarios<br>Parameters: "User navigated to "linked list" page", "Optional[User navigates to the Linked list page and tests the various options under it]"</td>
<td></td>
<td>1</td>
<td>com.dsalgoproject.testrunner.RunnerFile@652a7737</td></tr>
<tr>
<td title='com.dsalgoproject.testrunner.RunnerFile.runScenario()'><b>runScenario</b><br>Test class: com.dsalgoproject.testrunner.RunnerFile<br>Test method: Runs Cucumber Scenarios<br>Parameters: "The user is able to navigate to Linked Lists Page and run code in tryEditor page", "Optional[User navigates to the Linked list page and tests the various options under it]"</td>
<td></td>
<td>0</td>
<td>com.dsalgoproject.testrunner.RunnerFile@652a7737</td></tr>
<tr>
<td title='com.dsalgoproject.testrunner.RunnerFile.runScenario()'><b>runScenario</b><br>Test class: com.dsalgoproject.testrunner.RunnerFile<br>Test method: Runs Cucumber Scenarios<br>Parameters: "The user is in Array Practice Page and run invalid code for each examples", "Optional[To test the Array Page]"</td>
<td></td>
<td>0</td>
<td>com.dsalgoproject.testrunner.RunnerFile@652a7737</td></tr>
<tr>
<td title='com.dsalgoproject.testrunner.RunnerFile.runScenario()'><b>runScenario</b><br>Test class: com.dsalgoproject.testrunner.RunnerFile<br>Test method: Runs Cucumber Scenarios<br>Parameters: "The user is  navigating to Tree Page and runs invalid code in tryEditor page", "Optional[To test Tree Data Structure Page]"</td>
<td></td>
<td>0</td>
<td>com.dsalgoproject.testrunner.RunnerFile@652a7737</td></tr>
<tr>
<td title='com.dsalgoproject.testrunner.RunnerFile.runScenario()'><b>runScenario</b><br>Test class: com.dsalgoproject.testrunner.RunnerFile<br>Test method: Runs Cucumber Scenarios<br>Parameters: "The user is  navigating to Tree Page and runs invalid code in tryEditor page", "Optional[To test Tree Data Structure Page]"</td>
<td></td>
<td>0</td>
<td>com.dsalgoproject.testrunner.RunnerFile@652a7737</td></tr>
<tr>
<td title='com.dsalgoproject.testrunner.RunnerFile.runScenario()'><b>runScenario</b><br>Test class: com.dsalgoproject.testrunner.RunnerFile<br>Test method: Runs Cucumber Scenarios<br>Parameters: "The user is  navigating to Tree Page and runs code in tryEditor page", "Optional[To test Tree Data Structure Page]"</td>
<td></td>
<td>0</td>
<td>com.dsalgoproject.testrunner.RunnerFile@652a7737</td></tr>
<tr>
<td title='com.dsalgoproject.testrunner.RunnerFile.runScenario()'><b>runScenario</b><br>Test class: com.dsalgoproject.testrunner.RunnerFile<br>Test method: Runs Cucumber Scenarios<br>Parameters: "The user is able to navigate to Stack topic page and runs code in the tryeditor page", "Optional[Testing the Stack Page]"</td>
<td></td>
<td>0</td>
<td>com.dsalgoproject.testrunner.RunnerFile@652a7737</td></tr>
<tr>
<td title='com.dsalgoproject.testrunner.RunnerFile.runScenario()'><b>runScenario</b><br>Test class: com.dsalgoproject.testrunner.RunnerFile<br>Test method: Runs Cucumber Scenarios<br>Parameters: "User is clicking Data Structures", "Optional[To Test the HomePage]"</td>
<td></td>
<td>1</td>
<td>com.dsalgoproject.testrunner.RunnerFile@652a7737</td></tr>
<tr>
<td title='com.dsalgoproject.testrunner.RunnerFile.runScenario()'><b>runScenario</b><br>Test class: com.dsalgoproject.testrunner.RunnerFile<br>Test method: Runs Cucumber Scenarios<br>Parameters: "The user is  navigating to Tree Page and runs code in tryEditor page", "Optional[To test Tree Data Structure Page]"</td>
<td></td>
<td>0</td>
<td>com.dsalgoproject.testrunner.RunnerFile@652a7737</td></tr>
<tr>
<td title='com.dsalgoproject.testrunner.RunnerFile.runScenario()'><b>runScenario</b><br>Test class: com.dsalgoproject.testrunner.RunnerFile<br>Test method: Runs Cucumber Scenarios<br>Parameters: "The user is  navigating to Tree Page and runs code in tryEditor page", "Optional[To test Tree Data Structure Page]"</td>
<td></td>
<td>0</td>
<td>com.dsalgoproject.testrunner.RunnerFile@652a7737</td></tr>
<tr>
<td title='com.dsalgoproject.testrunner.RunnerFile.runScenario()'><b>runScenario</b><br>Test class: com.dsalgoproject.testrunner.RunnerFile<br>Test method: Runs Cucumber Scenarios<br>Parameters: "The user is in Array Practice Page and run invalid code for each examples", "Optional[To test the Array Page]"</td>
<td></td>
<td>1</td>
<td>com.dsalgoproject.testrunner.RunnerFile@652a7737</td></tr>
<tr>
<td title='com.dsalgoproject.testrunner.RunnerFile.runScenario()'><b>runScenario</b><br>Test class: com.dsalgoproject.testrunner.RunnerFile<br>Test method: Runs Cucumber Scenarios<br>Parameters: "The user is able to navigate to Arrays Page and run code in tryEditor page", "Optional[To test the Array Page]"</td>
<td></td>
<td>1</td>
<td>com.dsalgoproject.testrunner.RunnerFile@652a7737</td></tr>
<tr>
<td title='com.dsalgoproject.testrunner.RunnerFile.runScenario()'><b>runScenario</b><br>Test class: com.dsalgoproject.testrunner.RunnerFile<br>Test method: Runs Cucumber Scenarios<br>Parameters: "The user is able to navigate to Queue Page and run code in tryEditor page", "Optional[To test the Queue Data Structure Page]"</td>
<td></td>
<td>1</td>
<td>com.dsalgoproject.testrunner.RunnerFile@652a7737</td></tr>
<tr>
<td title='com.dsalgoproject.testrunner.RunnerFile.runScenario()'><b>runScenario</b><br>Test class: com.dsalgoproject.testrunner.RunnerFile<br>Test method: Runs Cucumber Scenarios<br>Parameters: "User is clicking Data Structures", "Optional[To Test the HomePage]"</td>
<td></td>
<td>1</td>
<td>com.dsalgoproject.testrunner.RunnerFile@652a7737</td></tr>
<tr>
<td title='com.dsalgoproject.testrunner.RunnerFile.runScenario()'><b>runScenario</b><br>Test class: com.dsalgoproject.testrunner.RunnerFile<br>Test method: Runs Cucumber Scenarios<br>Parameters: "The user is able to navigate to Linked Lists page and run invalid python code in tryEditor page", "Optional[User navigates to the Linked list page and tests the various options under it]"</td>
<td></td>
<td>0</td>
<td>com.dsalgoproject.testrunner.RunnerFile@652a7737</td></tr>
<tr>
<td title='com.dsalgoproject.testrunner.RunnerFile.runScenario()'><b>runScenario</b><br>Test class: com.dsalgoproject.testrunner.RunnerFile<br>Test method: Runs Cucumber Scenarios<br>Parameters: "The user is  navigating to Tree Page and runs invalid code in tryEditor page", "Optional[To test Tree Data Structure Page]"</td>
<td></td>
<td>0</td>
<td>com.dsalgoproject.testrunner.RunnerFile@652a7737</td></tr>
<tr>
<td title='com.dsalgoproject.testrunner.RunnerFile.runScenario()'><b>runScenario</b><br>Test class: com.dsalgoproject.testrunner.RunnerFile<br>Test method: Runs Cucumber Scenarios<br>Parameters: "The user is able to navigate to Arrays Page and run code in tryEditor page", "Optional[To test the Array Page]"</td>
<td></td>
<td>0</td>
<td>com.dsalgoproject.testrunner.RunnerFile@652a7737</td></tr>
<tr>
<td title='com.dsalgoproject.testrunner.RunnerFile.runScenario()'><b>runScenario</b><br>Test class: com.dsalgoproject.testrunner.RunnerFile<br>Test method: Runs Cucumber Scenarios<br>Parameters: "The user is  navigating to Tree Page and runs invalid code in tryEditor page", "Optional[To test Tree Data Structure Page]"</td>
<td></td>
<td>0</td>
<td>com.dsalgoproject.testrunner.RunnerFile@652a7737</td></tr>
<tr>
<td title='com.dsalgoproject.testrunner.RunnerFile.runScenario()'><b>runScenario</b><br>Test class: com.dsalgoproject.testrunner.RunnerFile<br>Test method: Runs Cucumber Scenarios<br>Parameters: "The user is able to navigate to Arrays Page and run code in tryEditor page", "Optional[To test the Array Page]"</td>
<td></td>
<td>1</td>
<td>com.dsalgoproject.testrunner.RunnerFile@652a7737</td></tr>
<tr>
<td title='com.dsalgoproject.testrunner.RunnerFile.runScenario()'><b>runScenario</b><br>Test class: com.dsalgoproject.testrunner.RunnerFile<br>Test method: Runs Cucumber Scenarios<br>Parameters: "The User is able to run code with invalid syntax in tryEditor", "Optional[User is logged into DS-Algo page and checking the DataStructures module]"</td>
<td></td>
<td>0</td>
<td>com.dsalgoproject.testrunner.RunnerFile@652a7737</td></tr>
<tr>
<td title='com.dsalgoproject.testrunner.RunnerFile.runScenario()'><b>runScenario</b><br>Test class: com.dsalgoproject.testrunner.RunnerFile<br>Test method: Runs Cucumber Scenarios<br>Parameters: "User is able to navigate to Time Complexity page", "Optional[User is logged into DS-Algo page and checking the DataStructures module]"</td>
<td></td>
<td>0</td>
<td>com.dsalgoproject.testrunner.RunnerFile@652a7737</td></tr>
<tr>
<td title='com.dsalgoproject.testrunner.RunnerFile.runScenario()'><b>runScenario</b><br>Test class: com.dsalgoproject.testrunner.RunnerFile<br>Test method: Runs Cucumber Scenarios<br>Parameters: "User is Logged into DS-Algo page", "Optional[User is logged into DS-Algo page and checking the DataStructures module]"</td>
<td></td>
<td>0</td>
<td>com.dsalgoproject.testrunner.RunnerFile@652a7737</td></tr>
<tr>
<td title='com.dsalgoproject.testrunner.RunnerFile.runScenario()'><b>runScenario</b><br>Test class: com.dsalgoproject.testrunner.RunnerFile<br>Test method: Runs Cucumber Scenarios<br>Parameters: "The user is able to navigate to Linked Lists page and run invalid python code in tryEditor page", "Optional[User navigates to the Linked list page and tests the various options under it]"</td>
<td></td>
<td>1</td>
<td>com.dsalgoproject.testrunner.RunnerFile@652a7737</td></tr>
<tr>
<td title='com.dsalgoproject.testrunner.RunnerFile.runScenario()'><b>runScenario</b><br>Test class: com.dsalgoproject.testrunner.RunnerFile<br>Test method: Runs Cucumber Scenarios<br>Parameters: "User is able to navigate to Data Structures introduction page", "Optional[User is logged into DS-Algo page and checking the DataStructures module]"</td>
<td></td>
<td>0</td>
<td>com.dsalgoproject.testrunner.RunnerFile@652a7737</td></tr>
<tr>
<td title='com.dsalgoproject.testrunner.RunnerFile.runScenario()'><b>runScenario</b><br>Test class: com.dsalgoproject.testrunner.RunnerFile<br>Test method: Runs Cucumber Scenarios<br>Parameters: "The user is able to navigate to Stack topic page and runs code in the tryeditor page", "Optional[Testing the Stack Page]"</td>
<td></td>
<td>0</td>
<td>com.dsalgoproject.testrunner.RunnerFile@652a7737</td></tr>
<tr>
<td title='com.dsalgoproject.testrunner.RunnerFile.runScenario()'><b>runScenario</b><br>Test class: com.dsalgoproject.testrunner.RunnerFile<br>Test method: Runs Cucumber Scenarios<br>Parameters: "The user is presented with error message for empty fields below Password textbox", "Optional[Feature file to test register]"</td>
<td></td>
<td>0</td>
<td>com.dsalgoproject.testrunner.RunnerFile@652a7737</td></tr>
<tr>
<td title='com.dsalgoproject.testrunner.RunnerFile.runScenario()'><b>runScenario</b><br>Test class: com.dsalgoproject.testrunner.RunnerFile<br>Test method: Runs Cucumber Scenarios<br>Parameters: "The User navigates to practice page in Arrays", "Optional[To test the Array Page]"</td>
<td></td>
<td>0</td>
<td>com.dsalgoproject.testrunner.RunnerFile@652a7737</td></tr>
<tr>
<td title='com.dsalgoproject.testrunner.RunnerFile.runScenario()'><b>runScenario</b><br>Test class: com.dsalgoproject.testrunner.RunnerFile<br>Test method: Runs Cucumber Scenarios<br>Parameters: "The user is able to navigate to Linked Lists Page and run code in tryEditor page", "Optional[User navigates to the Linked list page and tests the various options under it]"</td>
<td></td>
<td>0</td>
<td>com.dsalgoproject.testrunner.RunnerFile@652a7737</td></tr>
<tr>
<td title='com.dsalgoproject.testrunner.RunnerFile.runScenario()'><b>runScenario</b><br>Test class: com.dsalgoproject.testrunner.RunnerFile<br>Test method: Runs Cucumber Scenarios<br>Parameters: "User navigates to "Stack" Page", "Optional[Testing the Stack Page]"</td>
<td></td>
<td>1</td>
<td>com.dsalgoproject.testrunner.RunnerFile@652a7737</td></tr>
<tr>
<td title='com.dsalgoproject.testrunner.RunnerFile.runScenario()'><b>runScenario</b><br>Test class: com.dsalgoproject.testrunner.RunnerFile<br>Test method: Runs Cucumber Scenarios<br>Parameters: "The user is able to navigate to Queue Page and runs invalid code in tryEditor page", "Optional[To test the Queue Data Structure Page]"</td>
<td></td>
<td>1</td>
<td>com.dsalgoproject.testrunner.RunnerFile@652a7737</td></tr>
<tr>
<td title='com.dsalgoproject.testrunner.RunnerFile.runScenario()'><b>runScenario</b><br>Test class: com.dsalgoproject.testrunner.RunnerFile<br>Test method: Runs Cucumber Scenarios<br>Parameters: "The user is able to navigate to Queue Page and run code in tryEditor page", "Optional[To test the Queue Data Structure Page]"</td>
<td></td>
<td>0</td>
<td>com.dsalgoproject.testrunner.RunnerFile@652a7737</td></tr>
<tr>
<td title='com.dsalgoproject.testrunner.RunnerFile.runScenario()'><b>runScenario</b><br>Test class: com.dsalgoproject.testrunner.RunnerFile<br>Test method: Runs Cucumber Scenarios<br>Parameters: "The user is able to navigate to Stack topic page and run code in the tryeditor", "Optional[Testing the Stack Page]"</td>
<td></td>
<td>0</td>
<td>com.dsalgoproject.testrunner.RunnerFile@652a7737</td></tr>
<tr>
<td title='com.dsalgoproject.testrunner.RunnerFile.runScenario()'><b>runScenario</b><br>Test class: com.dsalgoproject.testrunner.RunnerFile<br>Test method: Runs Cucumber Scenarios<br>Parameters: "User is on HomePage and click getstarted link on homepage without logged in", "Optional[To Test the HomePage]"</td>
<td></td>
<td>0</td>
<td>com.dsalgoproject.testrunner.RunnerFile@652a7737</td></tr>
<tr>
<td title='com.dsalgoproject.testrunner.RunnerFile.runScenario()'><b>runScenario</b><br>Test class: com.dsalgoproject.testrunner.RunnerFile<br>Test method: Runs Cucumber Scenarios<br>Parameters: "User is on Home page and click on sign in", "Optional[To Test the HomePage]"</td>
<td></td>
<td>0</td>
<td>com.dsalgoproject.testrunner.RunnerFile@652a7737</td></tr>
<tr>
<td title='com.dsalgoproject.testrunner.RunnerFile.runScenario()'><b>runScenario</b><br>Test class: com.dsalgoproject.testrunner.RunnerFile<br>Test method: Runs Cucumber Scenarios<br>Parameters: "The user is presented with error message for empty fields below Password1 textbox", "Optional[Feature file to test register]"</td>
<td></td>
<td>0</td>
<td>com.dsalgoproject.testrunner.RunnerFile@652a7737</td></tr>
<tr>
<td title='com.dsalgoproject.testrunner.RunnerFile.runScenario()'><b>runScenario</b><br>Test class: com.dsalgoproject.testrunner.RunnerFile<br>Test method: Runs Cucumber Scenarios<br>Parameters: "The user is able to navigate to Graph topic page and runs code in the tryeditor page", "Optional[To test the Graph Page]"</td>
<td></td>
<td>0</td>
<td>com.dsalgoproject.testrunner.RunnerFile@652a7737</td></tr>
<tr>
<td title='com.dsalgoproject.testrunner.RunnerFile.runScenario()'><b>runScenario</b><br>Test class: com.dsalgoproject.testrunner.RunnerFile<br>Test method: Runs Cucumber Scenarios<br>Parameters: "User is able to navigate to a page having a tryEditor from the Time Complexity page", "Optional[User is logged into DS-Algo page and checking the DataStructures module]"</td>
<td></td>
<td>0</td>
<td>com.dsalgoproject.testrunner.RunnerFile@652a7737</td></tr>
<tr>
<td title='com.dsalgoproject.testrunner.RunnerFile.runScenario()'><b>runScenario</b><br>Test class: com.dsalgoproject.testrunner.RunnerFile<br>Test method: Runs Cucumber Scenarios<br>Parameters: "The user is able to navigate to Linked Lists Page and run code in tryEditor page", "Optional[User navigates to the Linked list page and tests the various options under it]"</td>
<td></td>
<td>1</td>
<td>com.dsalgoproject.testrunner.RunnerFile@652a7737</td></tr>
<tr>
<td title='com.dsalgoproject.testrunner.RunnerFile.runScenario()'><b>runScenario</b><br>Test class: com.dsalgoproject.testrunner.RunnerFile<br>Test method: Runs Cucumber Scenarios<br>Parameters: "The user is able to navigate to Graph topic page and runs code in the tryeditor page", "Optional[To test the Graph Page]"</td>
<td></td>
<td>0</td>
<td>com.dsalgoproject.testrunner.RunnerFile@652a7737</td></tr>
<tr>
<td title='com.dsalgoproject.testrunner.RunnerFile.runScenario()'><b>runScenario</b><br>Test class: com.dsalgoproject.testrunner.RunnerFile<br>Test method: Runs Cucumber Scenarios<br>Parameters: "The user is able to navigate to Queue Page and runs invalid code in tryEditor page", "Optional[To test the Queue Data Structure Page]"</td>
<td></td>
<td>0</td>
<td>com.dsalgoproject.testrunner.RunnerFile@652a7737</td></tr>
<tr>
<td title='com.dsalgoproject.testrunner.RunnerFile.runScenario()'><b>runScenario</b><br>Test class: com.dsalgoproject.testrunner.RunnerFile<br>Test method: Runs Cucumber Scenarios<br>Parameters: "The user is able to navigate to Stack topic page and run code in the tryeditor", "Optional[Testing the Stack Page]"</td>
<td></td>
<td>0</td>
<td>com.dsalgoproject.testrunner.RunnerFile@652a7737</td></tr>
<tr>
<td title='com.dsalgoproject.testrunner.RunnerFile.runScenario()'><b>runScenario</b><br>Test class: com.dsalgoproject.testrunner.RunnerFile<br>Test method: Runs Cucumber Scenarios<br>Parameters: "The user is able to navigate to Queue Page and run code in tryEditor page", "Optional[To test the Queue Data Structure Page]"</td>
<td></td>
<td>0</td>
<td>com.dsalgoproject.testrunner.RunnerFile@652a7737</td></tr>
<tr>
<td title='com.dsalgoproject.testrunner.RunnerFile.runScenario()'><b>runScenario</b><br>Test class: com.dsalgoproject.testrunner.RunnerFile<br>Test method: Runs Cucumber Scenarios<br>Parameters: "The user is able to navigate to Linked Lists Page and run code in tryEditor page", "Optional[User navigates to the Linked list page and tests the various options under it]"</td>
<td></td>
<td>1</td>
<td>com.dsalgoproject.testrunner.RunnerFile@652a7737</td></tr>
</table><p>
</body>
</html>